[2019-08-07 11:09:22] local.ERROR: Frame not found in cellmap {"userId":1,"exception":"[object] (Dompdf\\Exception(code: 0): Frame not found in cellmap at /home/jsouza/Dropbox/Projetos/Seduc/Magaly/vendor/dompdf/dompdf/src/Cellmap.php:350)
[stacktrace]
#0 /home/jsouza/Dropbox/Projetos/Seduc/Magaly/vendor/dompdf/dompdf/src/FrameReflower/TableCell.php(39): Dompdf\\Cellmap->get_frame_position(Object(Dompdf\\FrameDecorator\\TableCell))
#1 /home/jsouza/Dropbox/Projetos/Seduc/Magaly/vendor/dompdf/dompdf/src/FrameDecorator/AbstractFrameDecorator.php(895): Dompdf\\FrameReflower\\TableCell->reflow(NULL)
#2 /home/jsouza/Dropbox/Projetos/Seduc/Magaly/vendor/dompdf/dompdf/src/FrameReflower/TableRow.php(52): Dompdf\\FrameDecorator\\AbstractFrameDecorator->reflow()
#3 /home/jsouza/Dropbox/Projetos/Seduc/Magaly/vendor/dompdf/dompdf/src/FrameDecorator/AbstractFrameDecorator.php(895): Dompdf\\FrameReflower\\TableRow->reflow(NULL)
#4 /home/jsouza/Dropbox/Projetos/Seduc/Magaly/vendor/dompdf/dompdf/src/FrameReflower/TableRowGroup.php(51): Dompdf\\FrameDecorator\\AbstractFrameDecorator->reflow()
#5 /home/jsouza/Dropbox/Projetos/Seduc/Magaly/vendor/dompdf/dompdf/src/FrameDecorator/AbstractFrameDecorator.php(895): Dompdf\\FrameReflower\\TableRowGroup->reflow(Object(Dompdf\\FrameDecorator\\Block))
#6 /home/jsouza/Dropbox/Projetos/Seduc/Magaly/vendor/dompdf/dompdf/src/FrameReflower/Block.php(845): Dompdf\\FrameDecorator\\AbstractFrameDecorator->reflow(Object(Dompdf\\FrameDecorator\\Block))
#7 /home/jsouza/Dropbox/Projetos/Seduc/Magaly/vendor/dompdf/dompdf/src/FrameDecorator/AbstractFrameDecorator.php(895): Dompdf\\FrameReflower\\Block->reflow(NULL)
#8 /home/jsouza/Dropbox/Projetos/Seduc/Magaly/vendor/dompdf/dompdf/src/FrameReflower/Page.php(141): Dompdf\\FrameDecorator\\AbstractFrameDecorator->reflow()
#9 /home/jsouza/Dropbox/Projetos/Seduc/Magaly/vendor/dompdf/dompdf/src/FrameDecorator/AbstractFrameDecorator.php(895): Dompdf\\FrameReflower\\Page->reflow(NULL)
#10 /home/jsouza/Dropbox/Projetos/Seduc/Magaly/vendor/dompdf/dompdf/src/Dompdf.php(847): Dompdf\\FrameDecorator\\AbstractFrameDecorator->reflow()
#11 /home/jsouza/Dropbox/Projetos/Seduc/Magaly/vendor/barryvdh/laravel-dompdf/src/PDF.php(201): Dompdf\\Dompdf->render()
#12 /home/jsouza/Dropbox/Projetos/Seduc/Magaly/vendor/barryvdh/laravel-dompdf/src/PDF.php(146): Barryvdh\\DomPDF\\PDF->render()
#13 /home/jsouza/Dropbox/Projetos/Seduc/Magaly/vendor/barryvdh/laravel-dompdf/src/PDF.php(184): Barryvdh\\DomPDF\\PDF->output()
#14 /home/jsouza/Dropbox/Projetos/Seduc/Magaly/app/Http/Controllers/DistribuicaoController.php(42): Barryvdh\\DomPDF\\PDF->stream('relatorio_Distr...')
#15 [internal function]: App\\Http\\Controllers\\DistribuicaoController->gerarRelatorio()
#16 /home/jsouza/Dropbox/Projetos/Seduc/Magaly/vendor/laravel/framework/src/Illuminate/Routing/Controller.php(54): call_user_func_array(Array, Array)
#17 /home/jsouza/Dropbox/Projetos/Seduc/Magaly/vendor/laravel/framework/src/Illuminate/Routing/ControllerDispatcher.php(45): Illuminate\\Routing\\Controller->callAction('gerarRelatorio', Array)
#18 /home/jsouza/Dropbox/Projetos/Seduc/Magaly/vendor/laravel/framework/src/Illuminate/Routing/Route.php(219): Illuminate\\Routing\\ControllerDispatcher->dispatch(Object(Illuminate\\Routing\\Route), Object(App\\Http\\Controllers\\DistribuicaoController), 'gerarRelatorio')
#19 /home/jsouza/Dropbox/Projetos/Seduc/Magaly/vendor/laravel/framework/src/Illuminate/Routing/Route.php(176): Illuminate\\Routing\\Route->runController()
#20 /home/jsouza/Dropbox/Projetos/Seduc/Magaly/vendor/laravel/framework/src/Illuminate/Routing/Router.php(680): Illuminate\\Routing\\Route->run()
#21 /home/jsouza/Dropbox/Projetos/Seduc/Magaly/vendor/laravel/framework/src/Illuminate/Routing/Pipeline.php(30): Illuminate\\Routing\\Router->Illuminate\\Routing\\{closure}(Object(Illuminate\\Http\\Request))
#22 /home/jsouza/Dropbox/Projetos/Seduc/Magaly/vendor/laravel/framework/src/Illuminate/Routing/Middleware/SubstituteBindings.php(41): Illuminate\\Routing\\Pipeline->Illuminate\\Routing\\{closure}(Object(Illuminate\\Http\\Request))
#23 /home/jsouza/Dropbox/Projetos/Seduc/Magaly/vendor/laravel/framework/src/Illuminate/Pipeline/Pipeline.php(163): Illuminate\\Routing\\Middleware\\SubstituteBindings->handle(Object(Illuminate\\Http\\Request), Object(Closure))
#24 /home/jsouza/Dropbox/Projetos/Seduc/Magaly/vendor/laravel/framework/src/Illuminate/Routing/Pipeline.php(53): Illuminate\\Pipeline\\Pipeline->Illuminate\\Pipeline\\{closure}(Object(Illuminate\\Http\\Request))
#25 /home/jsouza/Dropbox/Projetos/Seduc/Magaly/vendor/laravel/framework/src/Illuminate/Auth/Middleware/Authenticate.php(43): Illuminate\\Routing\\Pipeline->Illuminate\\Routing\\{closure}(Object(Illuminate\\Http\\Request))
#26 /home/jsouza/Dropbox/Projetos/Seduc/Magaly/vendor/laravel/framework/src/Illuminate/Pipeline/Pipeline.php(163): Illuminate\\Auth\\Middleware\\Authenticate->handle(Object(Illuminate\\Http\\Request), Object(Closure))
#27 /home/jsouza/Dropbox/Projetos/Seduc/Magaly/vendor/laravel/framework/src/Illuminate/Routing/Pipeline.php(53): Illuminate\\Pipeline\\Pipeline->Illuminate\\Pipeline\\{closure}(Object(Illuminate\\Http\\Request))
#28 /home/jsouza/Dropbox/Projetos/Seduc/Magaly/vendor/laravel/framework/src/Illuminate/Foundation/Http/Middleware/VerifyCsrfToken.php(75): Illuminate\\Routing\\Pipeline->Illuminate\\Routing\\{closure}(Object(Illuminate\\Http\\Request))
#29 /home/jsouza/Dropbox/Projetos/Seduc/Magaly/vendor/laravel/framework/src/Illuminate/Pipeline/Pipeline.php(163): Illuminate\\Foundation\\Http\\Middleware\\VerifyCsrfToken->handle(Object(Illuminate\\Http\\Request), Object(Closure))
#30 /home/jsouza/Dropbox/Projetos/Seduc/Magaly/vendor/laravel/framework/src/Illuminate/Routing/Pipeline.php(53): Illuminate\\Pipeline\\Pipeline->Illuminate\\Pipeline\\{closure}(Object(Illuminate\\Http\\Request))
#31 /home/jsouza/Dropbox/Projetos/Seduc/Magaly/vendor/laravel/framework/src/Illuminate/View/Middleware/ShareErrorsFromSession.php(49): Illuminate\\Routing\\Pipeline->Illuminate\\Routing\\{closure}(Object(Illuminate\\Http\\Request))
#32 /home/jsouza/Dropbox/Projetos/Seduc/Magaly/vendor/laravel/framework/src/Illuminate/Pipeline/Pipeline.php(163): Illuminate\\View\\Middleware\\ShareErrorsFromSession->handle(Object(Illuminate\\Http\\Request), Object(Closure))
#33 /home/jsouza/Dropbox/Projetos/Seduc/Magaly/vendor/laravel/framework/src/Illuminate/Routing/Pipeline.php(53): Illuminate\\Pipeline\\Pipeline->Illuminate\\Pipeline\\{closure}(Object(Illuminate\\Http\\Request))
#34 /home/jsouza/Dropbox/Projetos/Seduc/Magaly/vendor/laravel/framework/src/Illuminate/Session/Middleware/StartSession.php(56): Illuminate\\Routing\\Pipeline->Illuminate\\Routing\\{closure}(Object(Illuminate\\Http\\Request))
#35 /home/jsouza/Dropbox/Projetos/Seduc/Magaly/vendor/laravel/framework/src/Illuminate/Pipeline/Pipeline.php(163): Illuminate\\Session\\Middleware\\StartSession->handle(Object(Illuminate\\Http\\Request), Object(Closure))
#36 /home/jsouza/Dropbox/Projetos/Seduc/Magaly/vendor/laravel/framework/src/Illuminate/Routing/Pipeline.php(53): Illuminate\\Pipeline\\Pipeline->Illuminate\\Pipeline\\{closure}(Object(Illuminate\\Http\\Request))
#37 /home/jsouza/Dropbox/Projetos/Seduc/Magaly/vendor/laravel/framework/src/Illuminate/Cookie/Middleware/AddQueuedCookiesToResponse.php(37): Illuminate\\Routing\\Pipeline->Illuminate\\Routing\\{closure}(Object(Illuminate\\Http\\Request))
#38 /home/jsouza/Dropbox/Projetos/Seduc/Magaly/vendor/laravel/framework/src/Illuminate/Pipeline/Pipeline.php(163): Illuminate\\Cookie\\Middleware\\AddQueuedCookiesToResponse->handle(Object(Illuminate\\Http\\Request), Object(Closure))
#39 /home/jsouza/Dropbox/Projetos/Seduc/Magaly/vendor/laravel/framework/src/Illuminate/Routing/Pipeline.php(53): Illuminate\\Pipeline\\Pipeline->Illuminate\\Pipeline\\{closure}(Object(Illuminate\\Http\\Request))
#40 /home/jsouza/Dropbox/Projetos/Seduc/Magaly/vendor/laravel/framework/src/Illuminate/Cookie/Middleware/EncryptCookies.php(66): Illuminate\\Routing\\Pipeline->Illuminate\\Routing\\{closure}(Object(Illuminate\\Http\\Request))
#41 /home/jsouza/Dropbox/Projetos/Seduc/Magaly/vendor/laravel/framework/src/Illuminate/Pipeline/Pipeline.php(163): Illuminate\\Cookie\\Middleware\\EncryptCookies->handle(Object(Illuminate\\Http\\Request), Object(Closure))
#42 /home/jsouza/Dropbox/Projetos/Seduc/Magaly/vendor/laravel/framework/src/Illuminate/Routing/Pipeline.php(53): Illuminate\\Pipeline\\Pipeline->Illuminate\\Pipeline\\{closure}(Object(Illuminate\\Http\\Request))
#43 /home/jsouza/Dropbox/Projetos/Seduc/Magaly/vendor/laravel/framework/src/Illuminate/Pipeline/Pipeline.php(104): Illuminate\\Routing\\Pipeline->Illuminate\\Routing\\{closure}(Object(Illuminate\\Http\\Request))
#44 /home/jsouza/Dropbox/Projetos/Seduc/Magaly/vendor/laravel/framework/src/Illuminate/Routing/Router.php(682): Illuminate\\Pipeline\\Pipeline->then(Object(Closure))
#45 /home/jsouza/Dropbox/Projetos/Seduc/Magaly/vendor/laravel/framework/src/Illuminate/Routing/Router.php(657): Illuminate\\Routing\\Router->runRouteWithinStack(Object(Illuminate\\Routing\\Route), Object(Illuminate\\Http\\Request))
#46 /home/jsouza/Dropbox/Projetos/Seduc/Magaly/vendor/laravel/framework/src/Illuminate/Routing/Router.php(623): Illuminate\\Routing\\Router->runRoute(Object(Illuminate\\Http\\Request), Object(Illuminate\\Routing\\Route))
#47 /home/jsouza/Dropbox/Projetos/Seduc/Magaly/vendor/laravel/framework/src/Illuminate/Routing/Router.php(612): Illuminate\\Routing\\Router->dispatchToRoute(Object(Illuminate\\Http\\Request))
#48 /home/jsouza/Dropbox/Projetos/Seduc/Magaly/vendor/laravel/framework/src/Illuminate/Foundation/Http/Kernel.php(176): Illuminate\\Routing\\Router->dispatch(Object(Illuminate\\Http\\Request))
#49 /home/jsouza/Dropbox/Projetos/Seduc/Magaly/vendor/laravel/framework/src/Illuminate/Routing/Pipeline.php(30): Illuminate\\Foundation\\Http\\Kernel->Illuminate\\Foundation\\Http\\{closure}(Object(Illuminate\\Http\\Request))
#50 /home/jsouza/Dropbox/Projetos/Seduc/Magaly/vendor/fideloper/proxy/src/TrustProxies.php(57): Illuminate\\Routing\\Pipeline->Illuminate\\Routing\\{closure}(Object(Illuminate\\Http\\Request))
#51 /home/jsouza/Dropbox/Projetos/Seduc/Magaly/vendor/laravel/framework/src/Illuminate/Pipeline/Pipeline.php(163): Fideloper\\Proxy\\TrustProxies->handle(Object(Illuminate\\Http\\Request), Object(Closure))
#52 /home/jsouza/Dropbox/Projetos/Seduc/Magaly/vendor/laravel/framework/src/Illuminate/Routing/Pipeline.php(53): Illuminate\\Pipeline\\Pipeline->Illuminate\\Pipeline\\{closure}(Object(Illuminate\\Http\\Request))
#53 /home/jsouza/Dropbox/Projetos/Seduc/Magaly/vendor/laravel/framework/src/Illuminate/Foundation/Http/Middleware/TransformsRequest.php(21): Illuminate\\Routing\\Pipeline->Illuminate\\Routing\\{closure}(Object(Illuminate\\Http\\Request))
#54 /home/jsouza/Dropbox/Projetos/Seduc/Magaly/vendor/laravel/framework/src/Illuminate/Pipeline/Pipeline.php(163): Illuminate\\Foundation\\Http\\Middleware\\TransformsRequest->handle(Object(Illuminate\\Http\\Request), Object(Closure))
#55 /home/jsouza/Dropbox/Projetos/Seduc/Magaly/vendor/laravel/framework/src/Illuminate/Routing/Pipeline.php(53): Illuminate\\Pipeline\\Pipeline->Illuminate\\Pipeline\\{closure}(Object(Illuminate\\Http\\Request))
#56 /home/jsouza/Dropbox/Projetos/Seduc/Magaly/vendor/laravel/framework/src/Illuminate/Foundation/Http/Middleware/TransformsRequest.php(21): Illuminate\\Routing\\Pipeline->Illuminate\\Routing\\{closure}(Object(Illuminate\\Http\\Request))
#57 /home/jsouza/Dropbox/Projetos/Seduc/Magaly/vendor/laravel/framework/src/Illuminate/Pipeline/Pipeline.php(163): Illuminate\\Foundation\\Http\\Middleware\\TransformsRequest->handle(Object(Illuminate\\Http\\Request), Object(Closure))
#58 /home/jsouza/Dropbox/Projetos/Seduc/Magaly/vendor/laravel/framework/src/Illuminate/Routing/Pipeline.php(53): Illuminate\\Pipeline\\Pipeline->Illuminate\\Pipeline\\{closure}(Object(Illuminate\\Http\\Request))
#59 /home/jsouza/Dropbox/Projetos/Seduc/Magaly/vendor/laravel/framework/src/Illuminate/Foundation/Http/Middleware/ValidatePostSize.php(27): Illuminate\\Routing\\Pipeline->Illuminate\\Routing\\{closure}(Object(Illuminate\\Http\\Request))
#60 /home/jsouza/Dropbox/Projetos/Seduc/Magaly/vendor/laravel/framework/src/Illuminate/Pipeline/Pipeline.php(163): Illuminate\\Foundation\\Http\\Middleware\\ValidatePostSize->handle(Object(Illuminate\\Http\\Request), Object(Closure))
#61 /home/jsouza/Dropbox/Projetos/Seduc/Magaly/vendor/laravel/framework/src/Illuminate/Routing/Pipeline.php(53): Illuminate\\Pipeline\\Pipeline->Illuminate\\Pipeline\\{closure}(Object(Illuminate\\Http\\Request))
#62 /home/jsouza/Dropbox/Projetos/Seduc/Magaly/vendor/laravel/framework/src/Illuminate/Foundation/Http/Middleware/CheckForMaintenanceMode.php(62): Illuminate\\Routing\\Pipeline->Illuminate\\Routing\\{closure}(Object(Illuminate\\Http\\Request))
#63 /home/jsouza/Dropbox/Projetos/Seduc/Magaly/vendor/laravel/framework/src/Illuminate/Pipeline/Pipeline.php(163): Illuminate\\Foundation\\Http\\Middleware\\CheckForMaintenanceMode->handle(Object(Illuminate\\Http\\Request), Object(Closure))
#64 /home/jsouza/Dropbox/Projetos/Seduc/Magaly/vendor/laravel/framework/src/Illuminate/Routing/Pipeline.php(53): Illuminate\\Pipeline\\Pipeline->Illuminate\\Pipeline\\{closure}(Object(Illuminate\\Http\\Request))
#65 /home/jsouza/Dropbox/Projetos/Seduc/Magaly/vendor/laravel/framework/src/Illuminate/Pipeline/Pipeline.php(104): Illuminate\\Routing\\Pipeline->Illuminate\\Routing\\{closure}(Object(Illuminate\\Http\\Request))
#66 /home/jsouza/Dropbox/Projetos/Seduc/Magaly/vendor/laravel/framework/src/Illuminate/Foundation/Http/Kernel.php(151): Illuminate\\Pipeline\\Pipeline->then(Object(Closure))
#67 /home/jsouza/Dropbox/Projetos/Seduc/Magaly/vendor/laravel/framework/src/Illuminate/Foundation/Http/Kernel.php(116): Illuminate\\Foundation\\Http\\Kernel->sendRequestThroughRouter(Object(Illuminate\\Http\\Request))
#68 /home/jsouza/Dropbox/Projetos/Seduc/Magaly/public/index.php(55): Illuminate\\Foundation\\Http\\Kernel->handle(Object(Illuminate\\Http\\Request))
#69 /home/jsouza/Dropbox/Projetos/Seduc/Magaly/server.php(21): require_once('/home/jsouza/Dr...')
#70 {main}
"} 
