[2019-07-16 08:05:51] local.ERROR: could not find driver (SQL: select * from information_schema.tables where table_schema = public and table_name = migrations and table_type = 'BASE TABLE') {"exception":"[object] (Illuminate\\Database\\QueryException(code: 0): could not find driver (SQL: select * from information_schema.tables where table_schema = public and table_name = migrations and table_type = 'BASE TABLE') at /home/jsouza/Dropbox/Projetos/Seduc/Magaly/vendor/laravel/framework/src/Illuminate/Database/Connection.php:664, PDOException(code: 0): could not find driver at /home/jsouza/Dropbox/Projetos/Seduc/Magaly/vendor/laravel/framework/src/Illuminate/Database/Connectors/Connector.php:70)
[stacktrace]
#0 /home/jsouza/Dropbox/Projetos/Seduc/Magaly/vendor/laravel/framework/src/Illuminate/Database/Connection.php(624): Illuminate\\Database\\Connection->runQueryCallback('select * from i...', Array, Object(Closure))
#1 /home/jsouza/Dropbox/Projetos/Seduc/Magaly/vendor/laravel/framework/src/Illuminate/Database/Connection.php(333): Illuminate\\Database\\Connection->run('select * from i...', Array, Object(Closure))
#2 /home/jsouza/Dropbox/Projetos/Seduc/Magaly/vendor/laravel/framework/src/Illuminate/Database/Schema/PostgresBuilder.php(20): Illuminate\\Database\\Connection->select('select * from i...', Array)
#3 /home/jsouza/Dropbox/Projetos/Seduc/Magaly/vendor/laravel/framework/src/Illuminate/Database/Migrations/DatabaseMigrationRepository.php(169): Illuminate\\Database\\Schema\\PostgresBuilder->hasTable('migrations')
#4 /home/jsouza/Dropbox/Projetos/Seduc/Magaly/vendor/laravel/framework/src/Illuminate/Database/Migrations/Migrator.php(577): Illuminate\\Database\\Migrations\\DatabaseMigrationRepository->repositoryExists()
#5 /home/jsouza/Dropbox/Projetos/Seduc/Magaly/vendor/laravel/framework/src/Illuminate/Database/Console/Migrations/ResetCommand.php(63): Illuminate\\Database\\Migrations\\Migrator->repositoryExists()
#6 [internal function]: Illuminate\\Database\\Console\\Migrations\\ResetCommand->handle()
#7 /home/jsouza/Dropbox/Projetos/Seduc/Magaly/vendor/laravel/framework/src/Illuminate/Container/BoundMethod.php(32): call_user_func_array(Array, Array)
#8 /home/jsouza/Dropbox/Projetos/Seduc/Magaly/vendor/laravel/framework/src/Illuminate/Container/BoundMethod.php(90): Illuminate\\Container\\BoundMethod::Illuminate\\Container\\{closure}()
#9 /home/jsouza/Dropbox/Projetos/Seduc/Magaly/vendor/laravel/framework/src/Illuminate/Container/BoundMethod.php(34): Illuminate\\Container\\BoundMethod::callBoundMethod(Object(Illuminate\\Foundation\\Application), Array, Object(Closure))
#10 /home/jsouza/Dropbox/Projetos/Seduc/Magaly/vendor/laravel/framework/src/Illuminate/Container/Container.php(576): Illuminate\\Container\\BoundMethod::call(Object(Illuminate\\Foundation\\Application), Array, Array, NULL)
#11 /home/jsouza/Dropbox/Projetos/Seduc/Magaly/vendor/laravel/framework/src/Illuminate/Console/Command.php(183): Illuminate\\Container\\Container->call(Array)
#12 /home/jsouza/Dropbox/Projetos/Seduc/Magaly/vendor/symfony/console/Command/Command.php(255): Illuminate\\Console\\Command->execute(Object(Symfony\\Component\\Console\\Input\\ArrayInput), Object(Illuminate\\Console\\OutputStyle))
#13 /home/jsouza/Dropbox/Projetos/Seduc/Magaly/vendor/laravel/framework/src/Illuminate/Console/Command.php(170): Symfony\\Component\\Console\\Command\\Command->run(Object(Symfony\\Component\\Console\\Input\\ArrayInput), Object(Illuminate\\Console\\OutputStyle))
#14 /home/jsouza/Dropbox/Projetos/Seduc/Magaly/vendor/laravel/framework/src/Illuminate/Console/Command.php(198): Illuminate\\Console\\Command->run(Object(Symfony\\Component\\Console\\Input\\ArrayInput), Object(Illuminate\\Console\\OutputStyle))
#15 /home/jsouza/Dropbox/Projetos/Seduc/Magaly/vendor/laravel/framework/src/Illuminate/Database/Console/Migrations/RefreshCommand.php(100): Illuminate\\Console\\Command->call('migrate:reset', Array)
#16 /home/jsouza/Dropbox/Projetos/Seduc/Magaly/vendor/laravel/framework/src/Illuminate/Database/Console/Migrations/RefreshCommand.php(53): Illuminate\\Database\\Console\\Migrations\\RefreshCommand->runReset(NULL, NULL)
#17 [internal function]: Illuminate\\Database\\Console\\Migrations\\RefreshCommand->handle()
#18 /home/jsouza/Dropbox/Projetos/Seduc/Magaly/vendor/laravel/framework/src/Illuminate/Container/BoundMethod.php(32): call_user_func_array(Array, Array)
#19 /home/jsouza/Dropbox/Projetos/Seduc/Magaly/vendor/laravel/framework/src/Illuminate/Container/BoundMethod.php(90): Illuminate\\Container\\BoundMethod::Illuminate\\Container\\{closure}()
#20 /home/jsouza/Dropbox/Projetos/Seduc/Magaly/vendor/laravel/framework/src/Illuminate/Container/BoundMethod.php(34): Illuminate\\Container\\BoundMethod::callBoundMethod(Object(Illuminate\\Foundation\\Application), Array, Object(Closure))
#21 /home/jsouza/Dropbox/Projetos/Seduc/Magaly/vendor/laravel/framework/src/Illuminate/Container/Container.php(576): Illuminate\\Container\\BoundMethod::call(Object(Illuminate\\Foundation\\Application), Array, Array, NULL)
#22 /home/jsouza/Dropbox/Projetos/Seduc/Magaly/vendor/laravel/framework/src/Illuminate/Console/Command.php(183): Illuminate\\Container\\Container->call(Array)
#23 /home/jsouza/Dropbox/Projetos/Seduc/Magaly/vendor/symfony/console/Command/Command.php(255): Illuminate\\Console\\Command->execute(Object(Symfony\\Component\\Console\\Input\\ArgvInput), Object(Illuminate\\Console\\OutputStyle))
#24 /home/jsouza/Dropbox/Projetos/Seduc/Magaly/vendor/laravel/framework/src/Illuminate/Console/Command.php(170): Symfony\\Component\\Console\\Command\\Command->run(Object(Symfony\\Component\\Console\\Input\\ArgvInput), Object(Illuminate\\Console\\OutputStyle))
#25 /home/jsouza/Dropbox/Projetos/Seduc/Magaly/vendor/symfony/console/Application.php(921): Illuminate\\Console\\Command->run(Object(Symfony\\Component\\Console\\Input\\ArgvInput), Object(Symfony\\Component\\Console\\Output\\ConsoleOutput))
#26 /home/jsouza/Dropbox/Projetos/Seduc/Magaly/vendor/symfony/console/Application.php(273): Symfony\\Component\\Console\\Application->doRunCommand(Object(Illuminate\\Database\\Console\\Migrations\\RefreshCommand), Object(Symfony\\Component\\Console\\Input\\ArgvInput), Object(Symfony\\Component\\Console\\Output\\ConsoleOutput))
#27 /home/jsouza/Dropbox/Projetos/Seduc/Magaly/vendor/symfony/console/Application.php(149): Symfony\\Component\\Console\\Application->doRun(Object(Symfony\\Component\\Console\\Input\\ArgvInput), Object(Symfony\\Component\\Console\\Output\\ConsoleOutput))
#28 /home/jsouza/Dropbox/Projetos/Seduc/Magaly/vendor/laravel/framework/src/Illuminate/Console/Application.php(90): Symfony\\Component\\Console\\Application->run(Object(Symfony\\Component\\Console\\Input\\ArgvInput), Object(Symfony\\Component\\Console\\Output\\ConsoleOutput))
#29 /home/jsouza/Dropbox/Projetos/Seduc/Magaly/vendor/laravel/framework/src/Illuminate/Foundation/Console/Kernel.php(133): Illuminate\\Console\\Application->run(Object(Symfony\\Component\\Console\\Input\\ArgvInput), Object(Symfony\\Component\\Console\\Output\\ConsoleOutput))
#30 /home/jsouza/Dropbox/Projetos/Seduc/Magaly/artisan(37): Illuminate\\Foundation\\Console\\Kernel->handle(Object(Symfony\\Component\\Console\\Input\\ArgvInput), Object(Symfony\\Component\\Console\\Output\\ConsoleOutput))
#31 {main}
"} 
[2019-07-16 08:07:46] local.ERROR: could not find driver (SQL: select * from information_schema.tables where table_schema = public and table_name = migrations and table_type = 'BASE TABLE') {"exception":"[object] (Illuminate\\Database\\QueryException(code: 0): could not find driver (SQL: select * from information_schema.tables where table_schema = public and table_name = migrations and table_type = 'BASE TABLE') at /home/jsouza/Dropbox/Projetos/Seduc/Magaly/vendor/laravel/framework/src/Illuminate/Database/Connection.php:664, PDOException(code: 0): could not find driver at /home/jsouza/Dropbox/Projetos/Seduc/Magaly/vendor/laravel/framework/src/Illuminate/Database/Connectors/Connector.php:70)
[stacktrace]
#0 /home/jsouza/Dropbox/Projetos/Seduc/Magaly/vendor/laravel/framework/src/Illuminate/Database/Connection.php(624): Illuminate\\Database\\Connection->runQueryCallback('select * from i...', Array, Object(Closure))
#1 /home/jsouza/Dropbox/Projetos/Seduc/Magaly/vendor/laravel/framework/src/Illuminate/Database/Connection.php(333): Illuminate\\Database\\Connection->run('select * from i...', Array, Object(Closure))
#2 /home/jsouza/Dropbox/Projetos/Seduc/Magaly/vendor/laravel/framework/src/Illuminate/Database/Schema/PostgresBuilder.php(20): Illuminate\\Database\\Connection->select('select * from i...', Array)
#3 /home/jsouza/Dropbox/Projetos/Seduc/Magaly/vendor/laravel/framework/src/Illuminate/Database/Migrations/DatabaseMigrationRepository.php(169): Illuminate\\Database\\Schema\\PostgresBuilder->hasTable('migrations')
#4 /home/jsouza/Dropbox/Projetos/Seduc/Magaly/vendor/laravel/framework/src/Illuminate/Database/Migrations/Migrator.php(577): Illuminate\\Database\\Migrations\\DatabaseMigrationRepository->repositoryExists()
#5 /home/jsouza/Dropbox/Projetos/Seduc/Magaly/vendor/laravel/framework/src/Illuminate/Database/Console/Migrations/ResetCommand.php(63): Illuminate\\Database\\Migrations\\Migrator->repositoryExists()
#6 [internal function]: Illuminate\\Database\\Console\\Migrations\\ResetCommand->handle()
#7 /home/jsouza/Dropbox/Projetos/Seduc/Magaly/vendor/laravel/framework/src/Illuminate/Container/BoundMethod.php(32): call_user_func_array(Array, Array)
#8 /home/jsouza/Dropbox/Projetos/Seduc/Magaly/vendor/laravel/framework/src/Illuminate/Container/BoundMethod.php(90): Illuminate\\Container\\BoundMethod::Illuminate\\Container\\{closure}()
#9 /home/jsouza/Dropbox/Projetos/Seduc/Magaly/vendor/laravel/framework/src/Illuminate/Container/BoundMethod.php(34): Illuminate\\Container\\BoundMethod::callBoundMethod(Object(Illuminate\\Foundation\\Application), Array, Object(Closure))
#10 /home/jsouza/Dropbox/Projetos/Seduc/Magaly/vendor/laravel/framework/src/Illuminate/Container/Container.php(576): Illuminate\\Container\\BoundMethod::call(Object(Illuminate\\Foundation\\Application), Array, Array, NULL)
#11 /home/jsouza/Dropbox/Projetos/Seduc/Magaly/vendor/laravel/framework/src/Illuminate/Console/Command.php(183): Illuminate\\Container\\Container->call(Array)
#12 /home/jsouza/Dropbox/Projetos/Seduc/Magaly/vendor/symfony/console/Command/Command.php(255): Illuminate\\Console\\Command->execute(Object(Symfony\\Component\\Console\\Input\\ArrayInput), Object(Illuminate\\Console\\OutputStyle))
#13 /home/jsouza/Dropbox/Projetos/Seduc/Magaly/vendor/laravel/framework/src/Illuminate/Console/Command.php(170): Symfony\\Component\\Console\\Command\\Command->run(Object(Symfony\\Component\\Console\\Input\\ArrayInput), Object(Illuminate\\Console\\OutputStyle))
#14 /home/jsouza/Dropbox/Projetos/Seduc/Magaly/vendor/laravel/framework/src/Illuminate/Console/Command.php(198): Illuminate\\Console\\Command->run(Object(Symfony\\Component\\Console\\Input\\ArrayInput), Object(Illuminate\\Console\\OutputStyle))
#15 /home/jsouza/Dropbox/Projetos/Seduc/Magaly/vendor/laravel/framework/src/Illuminate/Database/Console/Migrations/RefreshCommand.php(100): Illuminate\\Console\\Command->call('migrate:reset', Array)
#16 /home/jsouza/Dropbox/Projetos/Seduc/Magaly/vendor/laravel/framework/src/Illuminate/Database/Console/Migrations/RefreshCommand.php(53): Illuminate\\Database\\Console\\Migrations\\RefreshCommand->runReset(NULL, NULL)
#17 [internal function]: Illuminate\\Database\\Console\\Migrations\\RefreshCommand->handle()
#18 /home/jsouza/Dropbox/Projetos/Seduc/Magaly/vendor/laravel/framework/src/Illuminate/Container/BoundMethod.php(32): call_user_func_array(Array, Array)
#19 /home/jsouza/Dropbox/Projetos/Seduc/Magaly/vendor/laravel/framework/src/Illuminate/Container/BoundMethod.php(90): Illuminate\\Container\\BoundMethod::Illuminate\\Container\\{closure}()
#20 /home/jsouza/Dropbox/Projetos/Seduc/Magaly/vendor/laravel/framework/src/Illuminate/Container/BoundMethod.php(34): Illuminate\\Container\\BoundMethod::callBoundMethod(Object(Illuminate\\Foundation\\Application), Array, Object(Closure))
#21 /home/jsouza/Dropbox/Projetos/Seduc/Magaly/vendor/laravel/framework/src/Illuminate/Container/Container.php(576): Illuminate\\Container\\BoundMethod::call(Object(Illuminate\\Foundation\\Application), Array, Array, NULL)
#22 /home/jsouza/Dropbox/Projetos/Seduc/Magaly/vendor/laravel/framework/src/Illuminate/Console/Command.php(183): Illuminate\\Container\\Container->call(Array)
#23 /home/jsouza/Dropbox/Projetos/Seduc/Magaly/vendor/symfony/console/Command/Command.php(255): Illuminate\\Console\\Command->execute(Object(Symfony\\Component\\Console\\Input\\ArgvInput), Object(Illuminate\\Console\\OutputStyle))
#24 /home/jsouza/Dropbox/Projetos/Seduc/Magaly/vendor/laravel/framework/src/Illuminate/Console/Command.php(170): Symfony\\Component\\Console\\Command\\Command->run(Object(Symfony\\Component\\Console\\Input\\ArgvInput), Object(Illuminate\\Console\\OutputStyle))
#25 /home/jsouza/Dropbox/Projetos/Seduc/Magaly/vendor/symfony/console/Application.php(921): Illuminate\\Console\\Command->run(Object(Symfony\\Component\\Console\\Input\\ArgvInput), Object(Symfony\\Component\\Console\\Output\\ConsoleOutput))
#26 /home/jsouza/Dropbox/Projetos/Seduc/Magaly/vendor/symfony/console/Application.php(273): Symfony\\Component\\Console\\Application->doRunCommand(Object(Illuminate\\Database\\Console\\Migrations\\RefreshCommand), Object(Symfony\\Component\\Console\\Input\\ArgvInput), Object(Symfony\\Component\\Console\\Output\\ConsoleOutput))
#27 /home/jsouza/Dropbox/Projetos/Seduc/Magaly/vendor/symfony/console/Application.php(149): Symfony\\Component\\Console\\Application->doRun(Object(Symfony\\Component\\Console\\Input\\ArgvInput), Object(Symfony\\Component\\Console\\Output\\ConsoleOutput))
#28 /home/jsouza/Dropbox/Projetos/Seduc/Magaly/vendor/laravel/framework/src/Illuminate/Console/Application.php(90): Symfony\\Component\\Console\\Application->run(Object(Symfony\\Component\\Console\\Input\\ArgvInput), Object(Symfony\\Component\\Console\\Output\\ConsoleOutput))
#29 /home/jsouza/Dropbox/Projetos/Seduc/Magaly/vendor/laravel/framework/src/Illuminate/Foundation/Console/Kernel.php(133): Illuminate\\Console\\Application->run(Object(Symfony\\Component\\Console\\Input\\ArgvInput), Object(Symfony\\Component\\Console\\Output\\ConsoleOutput))
#30 /home/jsouza/Dropbox/Projetos/Seduc/Magaly/artisan(37): Illuminate\\Foundation\\Console\\Kernel->handle(Object(Symfony\\Component\\Console\\Input\\ArgvInput), Object(Symfony\\Component\\Console\\Output\\ConsoleOutput))
#31 {main}
"} 
[2019-07-16 10:20:17] local.ERROR: The PHP GD extension is required, but is not installed. {"userId":1,"exception":"[object] (Exception(code: 0): The PHP GD extension is required, but is not installed. at /home/jsouza/Dropbox/Projetos/Seduc/Magaly/vendor/dompdf/dompdf/lib/Cpdf.php:4965)
[stacktrace]
#0 /home/jsouza/Dropbox/Projetos/Seduc/Magaly/vendor/dompdf/dompdf/src/Adapter/CPDF.php(864): Cpdf->addPngFromFile('/home/jsouza/Dr...', 320.0657480315, 262.9842519685, 363, 492.75)
#1 /home/jsouza/Dropbox/Projetos/Seduc/Magaly/vendor/dompdf/dompdf/src/Renderer/Image.php(110): Dompdf\\Adapter\\CPDF->image('/home/jsouza/Dr...', 320.0657480315, 36.265748031496, 363, 492.75, 'normal')
#2 /home/jsouza/Dropbox/Projetos/Seduc/Magaly/vendor/dompdf/dompdf/src/Renderer.php(293): Dompdf\\Renderer\\Image->render(Object(Dompdf\\FrameDecorator\\Image))
#3 /home/jsouza/Dropbox/Projetos/Seduc/Magaly/vendor/dompdf/dompdf/src/Renderer.php(127): Dompdf\\Renderer->_render_frame('image', Object(Dompdf\\FrameDecorator\\Image))
#4 /home/jsouza/Dropbox/Projetos/Seduc/Magaly/vendor/dompdf/dompdf/src/Renderer.php(194): Dompdf\\Renderer->render(Object(Dompdf\\FrameDecorator\\Image))
#5 /home/jsouza/Dropbox/Projetos/Seduc/Magaly/vendor/dompdf/dompdf/src/Renderer.php(194): Dompdf\\Renderer->render(Object(Dompdf\\FrameDecorator\\TableCell))
#6 /home/jsouza/Dropbox/Projetos/Seduc/Magaly/vendor/dompdf/dompdf/src/Renderer.php(194): Dompdf\\Renderer->render(Object(Dompdf\\FrameDecorator\\TableRow))
#7 /home/jsouza/Dropbox/Projetos/Seduc/Magaly/vendor/dompdf/dompdf/src/Renderer.php(194): Dompdf\\Renderer->render(Object(Dompdf\\FrameDecorator\\TableRowGroup))
#8 /home/jsouza/Dropbox/Projetos/Seduc/Magaly/vendor/dompdf/dompdf/src/Renderer.php(194): Dompdf\\Renderer->render(Object(Dompdf\\FrameDecorator\\Table))
#9 /home/jsouza/Dropbox/Projetos/Seduc/Magaly/vendor/dompdf/dompdf/src/FrameReflower/Page.php(148): Dompdf\\Renderer->render(Object(Dompdf\\FrameDecorator\\Block))
#10 /home/jsouza/Dropbox/Projetos/Seduc/Magaly/vendor/dompdf/dompdf/src/FrameDecorator/AbstractFrameDecorator.php(895): Dompdf\\FrameReflower\\Page->reflow(NULL)
#11 /home/jsouza/Dropbox/Projetos/Seduc/Magaly/vendor/dompdf/dompdf/src/Dompdf.php(847): Dompdf\\FrameDecorator\\AbstractFrameDecorator->reflow()
#12 /home/jsouza/Dropbox/Projetos/Seduc/Magaly/vendor/barryvdh/laravel-dompdf/src/PDF.php(201): Dompdf\\Dompdf->render()
#13 /home/jsouza/Dropbox/Projetos/Seduc/Magaly/vendor/barryvdh/laravel-dompdf/src/PDF.php(146): Barryvdh\\DomPDF\\PDF->render()
#14 /home/jsouza/Dropbox/Projetos/Seduc/Magaly/vendor/barryvdh/laravel-dompdf/src/PDF.php(184): Barryvdh\\DomPDF\\PDF->output()
#15 /home/jsouza/Dropbox/Projetos/Seduc/Magaly/app/Http/Controllers/ContratoController.php(45): Barryvdh\\DomPDF\\PDF->stream('relatorio_Contr...')
#16 [internal function]: App\\Http\\Controllers\\ContratoController->gerarRelatorio()
#17 /home/jsouza/Dropbox/Projetos/Seduc/Magaly/vendor/laravel/framework/src/Illuminate/Routing/Controller.php(54): call_user_func_array(Array, Array)
#18 /home/jsouza/Dropbox/Projetos/Seduc/Magaly/vendor/laravel/framework/src/Illuminate/Routing/ControllerDispatcher.php(45): Illuminate\\Routing\\Controller->callAction('gerarRelatorio', Array)
#19 /home/jsouza/Dropbox/Projetos/Seduc/Magaly/vendor/laravel/framework/src/Illuminate/Routing/Route.php(219): Illuminate\\Routing\\ControllerDispatcher->dispatch(Object(Illuminate\\Routing\\Route), Object(App\\Http\\Controllers\\ContratoController), 'gerarRelatorio')
#20 /home/jsouza/Dropbox/Projetos/Seduc/Magaly/vendor/laravel/framework/src/Illuminate/Routing/Route.php(176): Illuminate\\Routing\\Route->runController()
#21 /home/jsouza/Dropbox/Projetos/Seduc/Magaly/vendor/laravel/framework/src/Illuminate/Routing/Router.php(680): Illuminate\\Routing\\Route->run()
#22 /home/jsouza/Dropbox/Projetos/Seduc/Magaly/vendor/laravel/framework/src/Illuminate/Routing/Pipeline.php(30): Illuminate\\Routing\\Router->Illuminate\\Routing\\{closure}(Object(Illuminate\\Http\\Request))
#23 /home/jsouza/Dropbox/Projetos/Seduc/Magaly/vendor/laravel/framework/src/Illuminate/Routing/Middleware/SubstituteBindings.php(41): Illuminate\\Routing\\Pipeline->Illuminate\\Routing\\{closure}(Object(Illuminate\\Http\\Request))
#24 /home/jsouza/Dropbox/Projetos/Seduc/Magaly/vendor/laravel/framework/src/Illuminate/Pipeline/Pipeline.php(163): Illuminate\\Routing\\Middleware\\SubstituteBindings->handle(Object(Illuminate\\Http\\Request), Object(Closure))
#25 /home/jsouza/Dropbox/Projetos/Seduc/Magaly/vendor/laravel/framework/src/Illuminate/Routing/Pipeline.php(53): Illuminate\\Pipeline\\Pipeline->Illuminate\\Pipeline\\{closure}(Object(Illuminate\\Http\\Request))
#26 /home/jsouza/Dropbox/Projetos/Seduc/Magaly/vendor/laravel/framework/src/Illuminate/Auth/Middleware/Authenticate.php(43): Illuminate\\Routing\\Pipeline->Illuminate\\Routing\\{closure}(Object(Illuminate\\Http\\Request))
#27 /home/jsouza/Dropbox/Projetos/Seduc/Magaly/vendor/laravel/framework/src/Illuminate/Pipeline/Pipeline.php(163): Illuminate\\Auth\\Middleware\\Authenticate->handle(Object(Illuminate\\Http\\Request), Object(Closure))
#28 /home/jsouza/Dropbox/Projetos/Seduc/Magaly/vendor/laravel/framework/src/Illuminate/Routing/Pipeline.php(53): Illuminate\\Pipeline\\Pipeline->Illuminate\\Pipeline\\{closure}(Object(Illuminate\\Http\\Request))
#29 /home/jsouza/Dropbox/Projetos/Seduc/Magaly/vendor/laravel/framework/src/Illuminate/Foundation/Http/Middleware/VerifyCsrfToken.php(75): Illuminate\\Routing\\Pipeline->Illuminate\\Routing\\{closure}(Object(Illuminate\\Http\\Request))
#30 /home/jsouza/Dropbox/Projetos/Seduc/Magaly/vendor/laravel/framework/src/Illuminate/Pipeline/Pipeline.php(163): Illuminate\\Foundation\\Http\\Middleware\\VerifyCsrfToken->handle(Object(Illuminate\\Http\\Request), Object(Closure))
#31 /home/jsouza/Dropbox/Projetos/Seduc/Magaly/vendor/laravel/framework/src/Illuminate/Routing/Pipeline.php(53): Illuminate\\Pipeline\\Pipeline->Illuminate\\Pipeline\\{closure}(Object(Illuminate\\Http\\Request))
#32 /home/jsouza/Dropbox/Projetos/Seduc/Magaly/vendor/laravel/framework/src/Illuminate/View/Middleware/ShareErrorsFromSession.php(49): Illuminate\\Routing\\Pipeline->Illuminate\\Routing\\{closure}(Object(Illuminate\\Http\\Request))
#33 /home/jsouza/Dropbox/Projetos/Seduc/Magaly/vendor/laravel/framework/src/Illuminate/Pipeline/Pipeline.php(163): Illuminate\\View\\Middleware\\ShareErrorsFromSession->handle(Object(Illuminate\\Http\\Request), Object(Closure))
#34 /home/jsouza/Dropbox/Projetos/Seduc/Magaly/vendor/laravel/framework/src/Illuminate/Routing/Pipeline.php(53): Illuminate\\Pipeline\\Pipeline->Illuminate\\Pipeline\\{closure}(Object(Illuminate\\Http\\Request))
#35 /home/jsouza/Dropbox/Projetos/Seduc/Magaly/vendor/laravel/framework/src/Illuminate/Session/Middleware/StartSession.php(56): Illuminate\\Routing\\Pipeline->Illuminate\\Routing\\{closure}(Object(Illuminate\\Http\\Request))
#36 /home/jsouza/Dropbox/Projetos/Seduc/Magaly/vendor/laravel/framework/src/Illuminate/Pipeline/Pipeline.php(163): Illuminate\\Session\\Middleware\\StartSession->handle(Object(Illuminate\\Http\\Request), Object(Closure))
#37 /home/jsouza/Dropbox/Projetos/Seduc/Magaly/vendor/laravel/framework/src/Illuminate/Routing/Pipeline.php(53): Illuminate\\Pipeline\\Pipeline->Illuminate\\Pipeline\\{closure}(Object(Illuminate\\Http\\Request))
#38 /home/jsouza/Dropbox/Projetos/Seduc/Magaly/vendor/laravel/framework/src/Illuminate/Cookie/Middleware/AddQueuedCookiesToResponse.php(37): Illuminate\\Routing\\Pipeline->Illuminate\\Routing\\{closure}(Object(Illuminate\\Http\\Request))
#39 /home/jsouza/Dropbox/Projetos/Seduc/Magaly/vendor/laravel/framework/src/Illuminate/Pipeline/Pipeline.php(163): Illuminate\\Cookie\\Middleware\\AddQueuedCookiesToResponse->handle(Object(Illuminate\\Http\\Request), Object(Closure))
#40 /home/jsouza/Dropbox/Projetos/Seduc/Magaly/vendor/laravel/framework/src/Illuminate/Routing/Pipeline.php(53): Illuminate\\Pipeline\\Pipeline->Illuminate\\Pipeline\\{closure}(Object(Illuminate\\Http\\Request))
#41 /home/jsouza/Dropbox/Projetos/Seduc/Magaly/vendor/laravel/framework/src/Illuminate/Cookie/Middleware/EncryptCookies.php(66): Illuminate\\Routing\\Pipeline->Illuminate\\Routing\\{closure}(Object(Illuminate\\Http\\Request))
#42 /home/jsouza/Dropbox/Projetos/Seduc/Magaly/vendor/laravel/framework/src/Illuminate/Pipeline/Pipeline.php(163): Illuminate\\Cookie\\Middleware\\EncryptCookies->handle(Object(Illuminate\\Http\\Request), Object(Closure))
#43 /home/jsouza/Dropbox/Projetos/Seduc/Magaly/vendor/laravel/framework/src/Illuminate/Routing/Pipeline.php(53): Illuminate\\Pipeline\\Pipeline->Illuminate\\Pipeline\\{closure}(Object(Illuminate\\Http\\Request))
#44 /home/jsouza/Dropbox/Projetos/Seduc/Magaly/vendor/laravel/framework/src/Illuminate/Pipeline/Pipeline.php(104): Illuminate\\Routing\\Pipeline->Illuminate\\Routing\\{closure}(Object(Illuminate\\Http\\Request))
#45 /home/jsouza/Dropbox/Projetos/Seduc/Magaly/vendor/laravel/framework/src/Illuminate/Routing/Router.php(682): Illuminate\\Pipeline\\Pipeline->then(Object(Closure))
#46 /home/jsouza/Dropbox/Projetos/Seduc/Magaly/vendor/laravel/framework/src/Illuminate/Routing/Router.php(657): Illuminate\\Routing\\Router->runRouteWithinStack(Object(Illuminate\\Routing\\Route), Object(Illuminate\\Http\\Request))
#47 /home/jsouza/Dropbox/Projetos/Seduc/Magaly/vendor/laravel/framework/src/Illuminate/Routing/Router.php(623): Illuminate\\Routing\\Router->runRoute(Object(Illuminate\\Http\\Request), Object(Illuminate\\Routing\\Route))
#48 /home/jsouza/Dropbox/Projetos/Seduc/Magaly/vendor/laravel/framework/src/Illuminate/Routing/Router.php(612): Illuminate\\Routing\\Router->dispatchToRoute(Object(Illuminate\\Http\\Request))
#49 /home/jsouza/Dropbox/Projetos/Seduc/Magaly/vendor/laravel/framework/src/Illuminate/Foundation/Http/Kernel.php(176): Illuminate\\Routing\\Router->dispatch(Object(Illuminate\\Http\\Request))
#50 /home/jsouza/Dropbox/Projetos/Seduc/Magaly/vendor/laravel/framework/src/Illuminate/Routing/Pipeline.php(30): Illuminate\\Foundation\\Http\\Kernel->Illuminate\\Foundation\\Http\\{closure}(Object(Illuminate\\Http\\Request))
#51 /home/jsouza/Dropbox/Projetos/Seduc/Magaly/vendor/fideloper/proxy/src/TrustProxies.php(57): Illuminate\\Routing\\Pipeline->Illuminate\\Routing\\{closure}(Object(Illuminate\\Http\\Request))
#52 /home/jsouza/Dropbox/Projetos/Seduc/Magaly/vendor/laravel/framework/src/Illuminate/Pipeline/Pipeline.php(163): Fideloper\\Proxy\\TrustProxies->handle(Object(Illuminate\\Http\\Request), Object(Closure))
#53 /home/jsouza/Dropbox/Projetos/Seduc/Magaly/vendor/laravel/framework/src/Illuminate/Routing/Pipeline.php(53): Illuminate\\Pipeline\\Pipeline->Illuminate\\Pipeline\\{closure}(Object(Illuminate\\Http\\Request))
#54 /home/jsouza/Dropbox/Projetos/Seduc/Magaly/vendor/laravel/framework/src/Illuminate/Foundation/Http/Middleware/TransformsRequest.php(21): Illuminate\\Routing\\Pipeline->Illuminate\\Routing\\{closure}(Object(Illuminate\\Http\\Request))
#55 /home/jsouza/Dropbox/Projetos/Seduc/Magaly/vendor/laravel/framework/src/Illuminate/Pipeline/Pipeline.php(163): Illuminate\\Foundation\\Http\\Middleware\\TransformsRequest->handle(Object(Illuminate\\Http\\Request), Object(Closure))
#56 /home/jsouza/Dropbox/Projetos/Seduc/Magaly/vendor/laravel/framework/src/Illuminate/Routing/Pipeline.php(53): Illuminate\\Pipeline\\Pipeline->Illuminate\\Pipeline\\{closure}(Object(Illuminate\\Http\\Request))
#57 /home/jsouza/Dropbox/Projetos/Seduc/Magaly/vendor/laravel/framework/src/Illuminate/Foundation/Http/Middleware/TransformsRequest.php(21): Illuminate\\Routing\\Pipeline->Illuminate\\Routing\\{closure}(Object(Illuminate\\Http\\Request))
#58 /home/jsouza/Dropbox/Projetos/Seduc/Magaly/vendor/laravel/framework/src/Illuminate/Pipeline/Pipeline.php(163): Illuminate\\Foundation\\Http\\Middleware\\TransformsRequest->handle(Object(Illuminate\\Http\\Request), Object(Closure))
#59 /home/jsouza/Dropbox/Projetos/Seduc/Magaly/vendor/laravel/framework/src/Illuminate/Routing/Pipeline.php(53): Illuminate\\Pipeline\\Pipeline->Illuminate\\Pipeline\\{closure}(Object(Illuminate\\Http\\Request))
#60 /home/jsouza/Dropbox/Projetos/Seduc/Magaly/vendor/laravel/framework/src/Illuminate/Foundation/Http/Middleware/ValidatePostSize.php(27): Illuminate\\Routing\\Pipeline->Illuminate\\Routing\\{closure}(Object(Illuminate\\Http\\Request))
#61 /home/jsouza/Dropbox/Projetos/Seduc/Magaly/vendor/laravel/framework/src/Illuminate/Pipeline/Pipeline.php(163): Illuminate\\Foundation\\Http\\Middleware\\ValidatePostSize->handle(Object(Illuminate\\Http\\Request), Object(Closure))
#62 /home/jsouza/Dropbox/Projetos/Seduc/Magaly/vendor/laravel/framework/src/Illuminate/Routing/Pipeline.php(53): Illuminate\\Pipeline\\Pipeline->Illuminate\\Pipeline\\{closure}(Object(Illuminate\\Http\\Request))
#63 /home/jsouza/Dropbox/Projetos/Seduc/Magaly/vendor/laravel/framework/src/Illuminate/Foundation/Http/Middleware/CheckForMaintenanceMode.php(62): Illuminate\\Routing\\Pipeline->Illuminate\\Routing\\{closure}(Object(Illuminate\\Http\\Request))
#64 /home/jsouza/Dropbox/Projetos/Seduc/Magaly/vendor/laravel/framework/src/Illuminate/Pipeline/Pipeline.php(163): Illuminate\\Foundation\\Http\\Middleware\\CheckForMaintenanceMode->handle(Object(Illuminate\\Http\\Request), Object(Closure))
#65 /home/jsouza/Dropbox/Projetos/Seduc/Magaly/vendor/laravel/framework/src/Illuminate/Routing/Pipeline.php(53): Illuminate\\Pipeline\\Pipeline->Illuminate\\Pipeline\\{closure}(Object(Illuminate\\Http\\Request))
#66 /home/jsouza/Dropbox/Projetos/Seduc/Magaly/vendor/laravel/framework/src/Illuminate/Pipeline/Pipeline.php(104): Illuminate\\Routing\\Pipeline->Illuminate\\Routing\\{closure}(Object(Illuminate\\Http\\Request))
#67 /home/jsouza/Dropbox/Projetos/Seduc/Magaly/vendor/laravel/framework/src/Illuminate/Foundation/Http/Kernel.php(151): Illuminate\\Pipeline\\Pipeline->then(Object(Closure))
#68 /home/jsouza/Dropbox/Projetos/Seduc/Magaly/vendor/laravel/framework/src/Illuminate/Foundation/Http/Kernel.php(116): Illuminate\\Foundation\\Http\\Kernel->sendRequestThroughRouter(Object(Illuminate\\Http\\Request))
#69 /home/jsouza/Dropbox/Projetos/Seduc/Magaly/public/index.php(55): Illuminate\\Foundation\\Http\\Kernel->handle(Object(Illuminate\\Http\\Request))
#70 /home/jsouza/Dropbox/Projetos/Seduc/Magaly/server.php(21): require_once('/home/jsouza/Dr...')
#71 {main}
"} 
[2019-07-16 10:21:59] local.ERROR: The PHP GD extension is required, but is not installed. {"userId":1,"exception":"[object] (Exception(code: 0): The PHP GD extension is required, but is not installed. at /home/jsouza/Dropbox/Projetos/Seduc/Magaly/vendor/dompdf/dompdf/lib/Cpdf.php:4965)
[stacktrace]
#0 /home/jsouza/Dropbox/Projetos/Seduc/Magaly/vendor/dompdf/dompdf/src/Adapter/CPDF.php(864): Cpdf->addPngFromFile('/home/jsouza/Dr...', 320.0657480315, 262.9842519685, 363, 492.75)
#1 /home/jsouza/Dropbox/Projetos/Seduc/Magaly/vendor/dompdf/dompdf/src/Renderer/Image.php(110): Dompdf\\Adapter\\CPDF->image('/home/jsouza/Dr...', 320.0657480315, 36.265748031496, 363, 492.75, 'normal')
#2 /home/jsouza/Dropbox/Projetos/Seduc/Magaly/vendor/dompdf/dompdf/src/Renderer.php(293): Dompdf\\Renderer\\Image->render(Object(Dompdf\\FrameDecorator\\Image))
#3 /home/jsouza/Dropbox/Projetos/Seduc/Magaly/vendor/dompdf/dompdf/src/Renderer.php(127): Dompdf\\Renderer->_render_frame('image', Object(Dompdf\\FrameDecorator\\Image))
#4 /home/jsouza/Dropbox/Projetos/Seduc/Magaly/vendor/dompdf/dompdf/src/Renderer.php(194): Dompdf\\Renderer->render(Object(Dompdf\\FrameDecorator\\Image))
#5 /home/jsouza/Dropbox/Projetos/Seduc/Magaly/vendor/dompdf/dompdf/src/Renderer.php(194): Dompdf\\Renderer->render(Object(Dompdf\\FrameDecorator\\TableCell))
#6 /home/jsouza/Dropbox/Projetos/Seduc/Magaly/vendor/dompdf/dompdf/src/Renderer.php(194): Dompdf\\Renderer->render(Object(Dompdf\\FrameDecorator\\TableRow))
#7 /home/jsouza/Dropbox/Projetos/Seduc/Magaly/vendor/dompdf/dompdf/src/Renderer.php(194): Dompdf\\Renderer->render(Object(Dompdf\\FrameDecorator\\TableRowGroup))
#8 /home/jsouza/Dropbox/Projetos/Seduc/Magaly/vendor/dompdf/dompdf/src/Renderer.php(194): Dompdf\\Renderer->render(Object(Dompdf\\FrameDecorator\\Table))
#9 /home/jsouza/Dropbox/Projetos/Seduc/Magaly/vendor/dompdf/dompdf/src/FrameReflower/Page.php(148): Dompdf\\Renderer->render(Object(Dompdf\\FrameDecorator\\Block))
#10 /home/jsouza/Dropbox/Projetos/Seduc/Magaly/vendor/dompdf/dompdf/src/FrameDecorator/AbstractFrameDecorator.php(895): Dompdf\\FrameReflower\\Page->reflow(NULL)
#11 /home/jsouza/Dropbox/Projetos/Seduc/Magaly/vendor/dompdf/dompdf/src/Dompdf.php(847): Dompdf\\FrameDecorator\\AbstractFrameDecorator->reflow()
#12 /home/jsouza/Dropbox/Projetos/Seduc/Magaly/vendor/barryvdh/laravel-dompdf/src/PDF.php(201): Dompdf\\Dompdf->render()
#13 /home/jsouza/Dropbox/Projetos/Seduc/Magaly/vendor/barryvdh/laravel-dompdf/src/PDF.php(146): Barryvdh\\DomPDF\\PDF->render()
#14 /home/jsouza/Dropbox/Projetos/Seduc/Magaly/vendor/barryvdh/laravel-dompdf/src/PDF.php(184): Barryvdh\\DomPDF\\PDF->output()
#15 /home/jsouza/Dropbox/Projetos/Seduc/Magaly/app/Http/Controllers/ContratoController.php(45): Barryvdh\\DomPDF\\PDF->stream('relatorio_Contr...')
#16 [internal function]: App\\Http\\Controllers\\ContratoController->gerarRelatorio()
#17 /home/jsouza/Dropbox/Projetos/Seduc/Magaly/vendor/laravel/framework/src/Illuminate/Routing/Controller.php(54): call_user_func_array(Array, Array)
#18 /home/jsouza/Dropbox/Projetos/Seduc/Magaly/vendor/laravel/framework/src/Illuminate/Routing/ControllerDispatcher.php(45): Illuminate\\Routing\\Controller->callAction('gerarRelatorio', Array)
#19 /home/jsouza/Dropbox/Projetos/Seduc/Magaly/vendor/laravel/framework/src/Illuminate/Routing/Route.php(219): Illuminate\\Routing\\ControllerDispatcher->dispatch(Object(Illuminate\\Routing\\Route), Object(App\\Http\\Controllers\\ContratoController), 'gerarRelatorio')
#20 /home/jsouza/Dropbox/Projetos/Seduc/Magaly/vendor/laravel/framework/src/Illuminate/Routing/Route.php(176): Illuminate\\Routing\\Route->runController()
#21 /home/jsouza/Dropbox/Projetos/Seduc/Magaly/vendor/laravel/framework/src/Illuminate/Routing/Router.php(680): Illuminate\\Routing\\Route->run()
#22 /home/jsouza/Dropbox/Projetos/Seduc/Magaly/vendor/laravel/framework/src/Illuminate/Routing/Pipeline.php(30): Illuminate\\Routing\\Router->Illuminate\\Routing\\{closure}(Object(Illuminate\\Http\\Request))
#23 /home/jsouza/Dropbox/Projetos/Seduc/Magaly/vendor/laravel/framework/src/Illuminate/Routing/Middleware/SubstituteBindings.php(41): Illuminate\\Routing\\Pipeline->Illuminate\\Routing\\{closure}(Object(Illuminate\\Http\\Request))
#24 /home/jsouza/Dropbox/Projetos/Seduc/Magaly/vendor/laravel/framework/src/Illuminate/Pipeline/Pipeline.php(163): Illuminate\\Routing\\Middleware\\SubstituteBindings->handle(Object(Illuminate\\Http\\Request), Object(Closure))
#25 /home/jsouza/Dropbox/Projetos/Seduc/Magaly/vendor/laravel/framework/src/Illuminate/Routing/Pipeline.php(53): Illuminate\\Pipeline\\Pipeline->Illuminate\\Pipeline\\{closure}(Object(Illuminate\\Http\\Request))
#26 /home/jsouza/Dropbox/Projetos/Seduc/Magaly/vendor/laravel/framework/src/Illuminate/Auth/Middleware/Authenticate.php(43): Illuminate\\Routing\\Pipeline->Illuminate\\Routing\\{closure}(Object(Illuminate\\Http\\Request))
#27 /home/jsouza/Dropbox/Projetos/Seduc/Magaly/vendor/laravel/framework/src/Illuminate/Pipeline/Pipeline.php(163): Illuminate\\Auth\\Middleware\\Authenticate->handle(Object(Illuminate\\Http\\Request), Object(Closure))
#28 /home/jsouza/Dropbox/Projetos/Seduc/Magaly/vendor/laravel/framework/src/Illuminate/Routing/Pipeline.php(53): Illuminate\\Pipeline\\Pipeline->Illuminate\\Pipeline\\{closure}(Object(Illuminate\\Http\\Request))
#29 /home/jsouza/Dropbox/Projetos/Seduc/Magaly/vendor/laravel/framework/src/Illuminate/Foundation/Http/Middleware/VerifyCsrfToken.php(75): Illuminate\\Routing\\Pipeline->Illuminate\\Routing\\{closure}(Object(Illuminate\\Http\\Request))
#30 /home/jsouza/Dropbox/Projetos/Seduc/Magaly/vendor/laravel/framework/src/Illuminate/Pipeline/Pipeline.php(163): Illuminate\\Foundation\\Http\\Middleware\\VerifyCsrfToken->handle(Object(Illuminate\\Http\\Request), Object(Closure))
#31 /home/jsouza/Dropbox/Projetos/Seduc/Magaly/vendor/laravel/framework/src/Illuminate/Routing/Pipeline.php(53): Illuminate\\Pipeline\\Pipeline->Illuminate\\Pipeline\\{closure}(Object(Illuminate\\Http\\Request))
#32 /home/jsouza/Dropbox/Projetos/Seduc/Magaly/vendor/laravel/framework/src/Illuminate/View/Middleware/ShareErrorsFromSession.php(49): Illuminate\\Routing\\Pipeline->Illuminate\\Routing\\{closure}(Object(Illuminate\\Http\\Request))
#33 /home/jsouza/Dropbox/Projetos/Seduc/Magaly/vendor/laravel/framework/src/Illuminate/Pipeline/Pipeline.php(163): Illuminate\\View\\Middleware\\ShareErrorsFromSession->handle(Object(Illuminate\\Http\\Request), Object(Closure))
#34 /home/jsouza/Dropbox/Projetos/Seduc/Magaly/vendor/laravel/framework/src/Illuminate/Routing/Pipeline.php(53): Illuminate\\Pipeline\\Pipeline->Illuminate\\Pipeline\\{closure}(Object(Illuminate\\Http\\Request))
#35 /home/jsouza/Dropbox/Projetos/Seduc/Magaly/vendor/laravel/framework/src/Illuminate/Session/Middleware/StartSession.php(56): Illuminate\\Routing\\Pipeline->Illuminate\\Routing\\{closure}(Object(Illuminate\\Http\\Request))
#36 /home/jsouza/Dropbox/Projetos/Seduc/Magaly/vendor/laravel/framework/src/Illuminate/Pipeline/Pipeline.php(163): Illuminate\\Session\\Middleware\\StartSession->handle(Object(Illuminate\\Http\\Request), Object(Closure))
#37 /home/jsouza/Dropbox/Projetos/Seduc/Magaly/vendor/laravel/framework/src/Illuminate/Routing/Pipeline.php(53): Illuminate\\Pipeline\\Pipeline->Illuminate\\Pipeline\\{closure}(Object(Illuminate\\Http\\Request))
#38 /home/jsouza/Dropbox/Projetos/Seduc/Magaly/vendor/laravel/framework/src/Illuminate/Cookie/Middleware/AddQueuedCookiesToResponse.php(37): Illuminate\\Routing\\Pipeline->Illuminate\\Routing\\{closure}(Object(Illuminate\\Http\\Request))
#39 /home/jsouza/Dropbox/Projetos/Seduc/Magaly/vendor/laravel/framework/src/Illuminate/Pipeline/Pipeline.php(163): Illuminate\\Cookie\\Middleware\\AddQueuedCookiesToResponse->handle(Object(Illuminate\\Http\\Request), Object(Closure))
#40 /home/jsouza/Dropbox/Projetos/Seduc/Magaly/vendor/laravel/framework/src/Illuminate/Routing/Pipeline.php(53): Illuminate\\Pipeline\\Pipeline->Illuminate\\Pipeline\\{closure}(Object(Illuminate\\Http\\Request))
#41 /home/jsouza/Dropbox/Projetos/Seduc/Magaly/vendor/laravel/framework/src/Illuminate/Cookie/Middleware/EncryptCookies.php(66): Illuminate\\Routing\\Pipeline->Illuminate\\Routing\\{closure}(Object(Illuminate\\Http\\Request))
#42 /home/jsouza/Dropbox/Projetos/Seduc/Magaly/vendor/laravel/framework/src/Illuminate/Pipeline/Pipeline.php(163): Illuminate\\Cookie\\Middleware\\EncryptCookies->handle(Object(Illuminate\\Http\\Request), Object(Closure))
#43 /home/jsouza/Dropbox/Projetos/Seduc/Magaly/vendor/laravel/framework/src/Illuminate/Routing/Pipeline.php(53): Illuminate\\Pipeline\\Pipeline->Illuminate\\Pipeline\\{closure}(Object(Illuminate\\Http\\Request))
#44 /home/jsouza/Dropbox/Projetos/Seduc/Magaly/vendor/laravel/framework/src/Illuminate/Pipeline/Pipeline.php(104): Illuminate\\Routing\\Pipeline->Illuminate\\Routing\\{closure}(Object(Illuminate\\Http\\Request))
#45 /home/jsouza/Dropbox/Projetos/Seduc/Magaly/vendor/laravel/framework/src/Illuminate/Routing/Router.php(682): Illuminate\\Pipeline\\Pipeline->then(Object(Closure))
#46 /home/jsouza/Dropbox/Projetos/Seduc/Magaly/vendor/laravel/framework/src/Illuminate/Routing/Router.php(657): Illuminate\\Routing\\Router->runRouteWithinStack(Object(Illuminate\\Routing\\Route), Object(Illuminate\\Http\\Request))
#47 /home/jsouza/Dropbox/Projetos/Seduc/Magaly/vendor/laravel/framework/src/Illuminate/Routing/Router.php(623): Illuminate\\Routing\\Router->runRoute(Object(Illuminate\\Http\\Request), Object(Illuminate\\Routing\\Route))
#48 /home/jsouza/Dropbox/Projetos/Seduc/Magaly/vendor/laravel/framework/src/Illuminate/Routing/Router.php(612): Illuminate\\Routing\\Router->dispatchToRoute(Object(Illuminate\\Http\\Request))
#49 /home/jsouza/Dropbox/Projetos/Seduc/Magaly/vendor/laravel/framework/src/Illuminate/Foundation/Http/Kernel.php(176): Illuminate\\Routing\\Router->dispatch(Object(Illuminate\\Http\\Request))
#50 /home/jsouza/Dropbox/Projetos/Seduc/Magaly/vendor/laravel/framework/src/Illuminate/Routing/Pipeline.php(30): Illuminate\\Foundation\\Http\\Kernel->Illuminate\\Foundation\\Http\\{closure}(Object(Illuminate\\Http\\Request))
#51 /home/jsouza/Dropbox/Projetos/Seduc/Magaly/vendor/fideloper/proxy/src/TrustProxies.php(57): Illuminate\\Routing\\Pipeline->Illuminate\\Routing\\{closure}(Object(Illuminate\\Http\\Request))
#52 /home/jsouza/Dropbox/Projetos/Seduc/Magaly/vendor/laravel/framework/src/Illuminate/Pipeline/Pipeline.php(163): Fideloper\\Proxy\\TrustProxies->handle(Object(Illuminate\\Http\\Request), Object(Closure))
#53 /home/jsouza/Dropbox/Projetos/Seduc/Magaly/vendor/laravel/framework/src/Illuminate/Routing/Pipeline.php(53): Illuminate\\Pipeline\\Pipeline->Illuminate\\Pipeline\\{closure}(Object(Illuminate\\Http\\Request))
#54 /home/jsouza/Dropbox/Projetos/Seduc/Magaly/vendor/laravel/framework/src/Illuminate/Foundation/Http/Middleware/TransformsRequest.php(21): Illuminate\\Routing\\Pipeline->Illuminate\\Routing\\{closure}(Object(Illuminate\\Http\\Request))
#55 /home/jsouza/Dropbox/Projetos/Seduc/Magaly/vendor/laravel/framework/src/Illuminate/Pipeline/Pipeline.php(163): Illuminate\\Foundation\\Http\\Middleware\\TransformsRequest->handle(Object(Illuminate\\Http\\Request), Object(Closure))
#56 /home/jsouza/Dropbox/Projetos/Seduc/Magaly/vendor/laravel/framework/src/Illuminate/Routing/Pipeline.php(53): Illuminate\\Pipeline\\Pipeline->Illuminate\\Pipeline\\{closure}(Object(Illuminate\\Http\\Request))
#57 /home/jsouza/Dropbox/Projetos/Seduc/Magaly/vendor/laravel/framework/src/Illuminate/Foundation/Http/Middleware/TransformsRequest.php(21): Illuminate\\Routing\\Pipeline->Illuminate\\Routing\\{closure}(Object(Illuminate\\Http\\Request))
#58 /home/jsouza/Dropbox/Projetos/Seduc/Magaly/vendor/laravel/framework/src/Illuminate/Pipeline/Pipeline.php(163): Illuminate\\Foundation\\Http\\Middleware\\TransformsRequest->handle(Object(Illuminate\\Http\\Request), Object(Closure))
#59 /home/jsouza/Dropbox/Projetos/Seduc/Magaly/vendor/laravel/framework/src/Illuminate/Routing/Pipeline.php(53): Illuminate\\Pipeline\\Pipeline->Illuminate\\Pipeline\\{closure}(Object(Illuminate\\Http\\Request))
#60 /home/jsouza/Dropbox/Projetos/Seduc/Magaly/vendor/laravel/framework/src/Illuminate/Foundation/Http/Middleware/ValidatePostSize.php(27): Illuminate\\Routing\\Pipeline->Illuminate\\Routing\\{closure}(Object(Illuminate\\Http\\Request))
#61 /home/jsouza/Dropbox/Projetos/Seduc/Magaly/vendor/laravel/framework/src/Illuminate/Pipeline/Pipeline.php(163): Illuminate\\Foundation\\Http\\Middleware\\ValidatePostSize->handle(Object(Illuminate\\Http\\Request), Object(Closure))
#62 /home/jsouza/Dropbox/Projetos/Seduc/Magaly/vendor/laravel/framework/src/Illuminate/Routing/Pipeline.php(53): Illuminate\\Pipeline\\Pipeline->Illuminate\\Pipeline\\{closure}(Object(Illuminate\\Http\\Request))
#63 /home/jsouza/Dropbox/Projetos/Seduc/Magaly/vendor/laravel/framework/src/Illuminate/Foundation/Http/Middleware/CheckForMaintenanceMode.php(62): Illuminate\\Routing\\Pipeline->Illuminate\\Routing\\{closure}(Object(Illuminate\\Http\\Request))
#64 /home/jsouza/Dropbox/Projetos/Seduc/Magaly/vendor/laravel/framework/src/Illuminate/Pipeline/Pipeline.php(163): Illuminate\\Foundation\\Http\\Middleware\\CheckForMaintenanceMode->handle(Object(Illuminate\\Http\\Request), Object(Closure))
#65 /home/jsouza/Dropbox/Projetos/Seduc/Magaly/vendor/laravel/framework/src/Illuminate/Routing/Pipeline.php(53): Illuminate\\Pipeline\\Pipeline->Illuminate\\Pipeline\\{closure}(Object(Illuminate\\Http\\Request))
#66 /home/jsouza/Dropbox/Projetos/Seduc/Magaly/vendor/laravel/framework/src/Illuminate/Pipeline/Pipeline.php(104): Illuminate\\Routing\\Pipeline->Illuminate\\Routing\\{closure}(Object(Illuminate\\Http\\Request))
#67 /home/jsouza/Dropbox/Projetos/Seduc/Magaly/vendor/laravel/framework/src/Illuminate/Foundation/Http/Kernel.php(151): Illuminate\\Pipeline\\Pipeline->then(Object(Closure))
#68 /home/jsouza/Dropbox/Projetos/Seduc/Magaly/vendor/laravel/framework/src/Illuminate/Foundation/Http/Kernel.php(116): Illuminate\\Foundation\\Http\\Kernel->sendRequestThroughRouter(Object(Illuminate\\Http\\Request))
#69 /home/jsouza/Dropbox/Projetos/Seduc/Magaly/public/index.php(55): Illuminate\\Foundation\\Http\\Kernel->handle(Object(Illuminate\\Http\\Request))
#70 /home/jsouza/Dropbox/Projetos/Seduc/Magaly/server.php(21): require_once('/home/jsouza/Dr...')
#71 {main}
"} 
[2019-07-16 10:24:07] local.ERROR: The PHP GD extension is required, but is not installed. {"userId":1,"exception":"[object] (Exception(code: 0): The PHP GD extension is required, but is not installed. at /home/jsouza/Dropbox/Projetos/Seduc/Magaly/vendor/dompdf/dompdf/lib/Cpdf.php:4965)
[stacktrace]
#0 /home/jsouza/Dropbox/Projetos/Seduc/Magaly/vendor/dompdf/dompdf/src/Adapter/CPDF.php(864): Cpdf->addPngFromFile('/home/jsouza/Dr...', 320.0657480315, 262.9842519685, 363, 492.75)
#1 /home/jsouza/Dropbox/Projetos/Seduc/Magaly/vendor/dompdf/dompdf/src/Renderer/Image.php(110): Dompdf\\Adapter\\CPDF->image('/home/jsouza/Dr...', 320.0657480315, 36.265748031496, 363, 492.75, 'normal')
#2 /home/jsouza/Dropbox/Projetos/Seduc/Magaly/vendor/dompdf/dompdf/src/Renderer.php(293): Dompdf\\Renderer\\Image->render(Object(Dompdf\\FrameDecorator\\Image))
#3 /home/jsouza/Dropbox/Projetos/Seduc/Magaly/vendor/dompdf/dompdf/src/Renderer.php(127): Dompdf\\Renderer->_render_frame('image', Object(Dompdf\\FrameDecorator\\Image))
#4 /home/jsouza/Dropbox/Projetos/Seduc/Magaly/vendor/dompdf/dompdf/src/Renderer.php(194): Dompdf\\Renderer->render(Object(Dompdf\\FrameDecorator\\Image))
#5 /home/jsouza/Dropbox/Projetos/Seduc/Magaly/vendor/dompdf/dompdf/src/Renderer.php(194): Dompdf\\Renderer->render(Object(Dompdf\\FrameDecorator\\TableCell))
#6 /home/jsouza/Dropbox/Projetos/Seduc/Magaly/vendor/dompdf/dompdf/src/Renderer.php(194): Dompdf\\Renderer->render(Object(Dompdf\\FrameDecorator\\TableRow))
#7 /home/jsouza/Dropbox/Projetos/Seduc/Magaly/vendor/dompdf/dompdf/src/Renderer.php(194): Dompdf\\Renderer->render(Object(Dompdf\\FrameDecorator\\TableRowGroup))
#8 /home/jsouza/Dropbox/Projetos/Seduc/Magaly/vendor/dompdf/dompdf/src/Renderer.php(194): Dompdf\\Renderer->render(Object(Dompdf\\FrameDecorator\\Table))
#9 /home/jsouza/Dropbox/Projetos/Seduc/Magaly/vendor/dompdf/dompdf/src/FrameReflower/Page.php(148): Dompdf\\Renderer->render(Object(Dompdf\\FrameDecorator\\Block))
#10 /home/jsouza/Dropbox/Projetos/Seduc/Magaly/vendor/dompdf/dompdf/src/FrameDecorator/AbstractFrameDecorator.php(895): Dompdf\\FrameReflower\\Page->reflow(NULL)
#11 /home/jsouza/Dropbox/Projetos/Seduc/Magaly/vendor/dompdf/dompdf/src/Dompdf.php(847): Dompdf\\FrameDecorator\\AbstractFrameDecorator->reflow()
#12 /home/jsouza/Dropbox/Projetos/Seduc/Magaly/vendor/barryvdh/laravel-dompdf/src/PDF.php(201): Dompdf\\Dompdf->render()
#13 /home/jsouza/Dropbox/Projetos/Seduc/Magaly/vendor/barryvdh/laravel-dompdf/src/PDF.php(146): Barryvdh\\DomPDF\\PDF->render()
#14 /home/jsouza/Dropbox/Projetos/Seduc/Magaly/vendor/barryvdh/laravel-dompdf/src/PDF.php(184): Barryvdh\\DomPDF\\PDF->output()
#15 /home/jsouza/Dropbox/Projetos/Seduc/Magaly/app/Http/Controllers/ContratoController.php(45): Barryvdh\\DomPDF\\PDF->stream('relatorio_Contr...')
#16 [internal function]: App\\Http\\Controllers\\ContratoController->gerarRelatorio()
#17 /home/jsouza/Dropbox/Projetos/Seduc/Magaly/vendor/laravel/framework/src/Illuminate/Routing/Controller.php(54): call_user_func_array(Array, Array)
#18 /home/jsouza/Dropbox/Projetos/Seduc/Magaly/vendor/laravel/framework/src/Illuminate/Routing/ControllerDispatcher.php(45): Illuminate\\Routing\\Controller->callAction('gerarRelatorio', Array)
#19 /home/jsouza/Dropbox/Projetos/Seduc/Magaly/vendor/laravel/framework/src/Illuminate/Routing/Route.php(219): Illuminate\\Routing\\ControllerDispatcher->dispatch(Object(Illuminate\\Routing\\Route), Object(App\\Http\\Controllers\\ContratoController), 'gerarRelatorio')
#20 /home/jsouza/Dropbox/Projetos/Seduc/Magaly/vendor/laravel/framework/src/Illuminate/Routing/Route.php(176): Illuminate\\Routing\\Route->runController()
#21 /home/jsouza/Dropbox/Projetos/Seduc/Magaly/vendor/laravel/framework/src/Illuminate/Routing/Router.php(680): Illuminate\\Routing\\Route->run()
#22 /home/jsouza/Dropbox/Projetos/Seduc/Magaly/vendor/laravel/framework/src/Illuminate/Routing/Pipeline.php(30): Illuminate\\Routing\\Router->Illuminate\\Routing\\{closure}(Object(Illuminate\\Http\\Request))
#23 /home/jsouza/Dropbox/Projetos/Seduc/Magaly/vendor/laravel/framework/src/Illuminate/Routing/Middleware/SubstituteBindings.php(41): Illuminate\\Routing\\Pipeline->Illuminate\\Routing\\{closure}(Object(Illuminate\\Http\\Request))
#24 /home/jsouza/Dropbox/Projetos/Seduc/Magaly/vendor/laravel/framework/src/Illuminate/Pipeline/Pipeline.php(163): Illuminate\\Routing\\Middleware\\SubstituteBindings->handle(Object(Illuminate\\Http\\Request), Object(Closure))
#25 /home/jsouza/Dropbox/Projetos/Seduc/Magaly/vendor/laravel/framework/src/Illuminate/Routing/Pipeline.php(53): Illuminate\\Pipeline\\Pipeline->Illuminate\\Pipeline\\{closure}(Object(Illuminate\\Http\\Request))
#26 /home/jsouza/Dropbox/Projetos/Seduc/Magaly/vendor/laravel/framework/src/Illuminate/Auth/Middleware/Authenticate.php(43): Illuminate\\Routing\\Pipeline->Illuminate\\Routing\\{closure}(Object(Illuminate\\Http\\Request))
#27 /home/jsouza/Dropbox/Projetos/Seduc/Magaly/vendor/laravel/framework/src/Illuminate/Pipeline/Pipeline.php(163): Illuminate\\Auth\\Middleware\\Authenticate->handle(Object(Illuminate\\Http\\Request), Object(Closure))
#28 /home/jsouza/Dropbox/Projetos/Seduc/Magaly/vendor/laravel/framework/src/Illuminate/Routing/Pipeline.php(53): Illuminate\\Pipeline\\Pipeline->Illuminate\\Pipeline\\{closure}(Object(Illuminate\\Http\\Request))
#29 /home/jsouza/Dropbox/Projetos/Seduc/Magaly/vendor/laravel/framework/src/Illuminate/Foundation/Http/Middleware/VerifyCsrfToken.php(75): Illuminate\\Routing\\Pipeline->Illuminate\\Routing\\{closure}(Object(Illuminate\\Http\\Request))
#30 /home/jsouza/Dropbox/Projetos/Seduc/Magaly/vendor/laravel/framework/src/Illuminate/Pipeline/Pipeline.php(163): Illuminate\\Foundation\\Http\\Middleware\\VerifyCsrfToken->handle(Object(Illuminate\\Http\\Request), Object(Closure))
#31 /home/jsouza/Dropbox/Projetos/Seduc/Magaly/vendor/laravel/framework/src/Illuminate/Routing/Pipeline.php(53): Illuminate\\Pipeline\\Pipeline->Illuminate\\Pipeline\\{closure}(Object(Illuminate\\Http\\Request))
#32 /home/jsouza/Dropbox/Projetos/Seduc/Magaly/vendor/laravel/framework/src/Illuminate/View/Middleware/ShareErrorsFromSession.php(49): Illuminate\\Routing\\Pipeline->Illuminate\\Routing\\{closure}(Object(Illuminate\\Http\\Request))
#33 /home/jsouza/Dropbox/Projetos/Seduc/Magaly/vendor/laravel/framework/src/Illuminate/Pipeline/Pipeline.php(163): Illuminate\\View\\Middleware\\ShareErrorsFromSession->handle(Object(Illuminate\\Http\\Request), Object(Closure))
#34 /home/jsouza/Dropbox/Projetos/Seduc/Magaly/vendor/laravel/framework/src/Illuminate/Routing/Pipeline.php(53): Illuminate\\Pipeline\\Pipeline->Illuminate\\Pipeline\\{closure}(Object(Illuminate\\Http\\Request))
#35 /home/jsouza/Dropbox/Projetos/Seduc/Magaly/vendor/laravel/framework/src/Illuminate/Session/Middleware/StartSession.php(56): Illuminate\\Routing\\Pipeline->Illuminate\\Routing\\{closure}(Object(Illuminate\\Http\\Request))
#36 /home/jsouza/Dropbox/Projetos/Seduc/Magaly/vendor/laravel/framework/src/Illuminate/Pipeline/Pipeline.php(163): Illuminate\\Session\\Middleware\\StartSession->handle(Object(Illuminate\\Http\\Request), Object(Closure))
#37 /home/jsouza/Dropbox/Projetos/Seduc/Magaly/vendor/laravel/framework/src/Illuminate/Routing/Pipeline.php(53): Illuminate\\Pipeline\\Pipeline->Illuminate\\Pipeline\\{closure}(Object(Illuminate\\Http\\Request))
#38 /home/jsouza/Dropbox/Projetos/Seduc/Magaly/vendor/laravel/framework/src/Illuminate/Cookie/Middleware/AddQueuedCookiesToResponse.php(37): Illuminate\\Routing\\Pipeline->Illuminate\\Routing\\{closure}(Object(Illuminate\\Http\\Request))
#39 /home/jsouza/Dropbox/Projetos/Seduc/Magaly/vendor/laravel/framework/src/Illuminate/Pipeline/Pipeline.php(163): Illuminate\\Cookie\\Middleware\\AddQueuedCookiesToResponse->handle(Object(Illuminate\\Http\\Request), Object(Closure))
#40 /home/jsouza/Dropbox/Projetos/Seduc/Magaly/vendor/laravel/framework/src/Illuminate/Routing/Pipeline.php(53): Illuminate\\Pipeline\\Pipeline->Illuminate\\Pipeline\\{closure}(Object(Illuminate\\Http\\Request))
#41 /home/jsouza/Dropbox/Projetos/Seduc/Magaly/vendor/laravel/framework/src/Illuminate/Cookie/Middleware/EncryptCookies.php(66): Illuminate\\Routing\\Pipeline->Illuminate\\Routing\\{closure}(Object(Illuminate\\Http\\Request))
#42 /home/jsouza/Dropbox/Projetos/Seduc/Magaly/vendor/laravel/framework/src/Illuminate/Pipeline/Pipeline.php(163): Illuminate\\Cookie\\Middleware\\EncryptCookies->handle(Object(Illuminate\\Http\\Request), Object(Closure))
#43 /home/jsouza/Dropbox/Projetos/Seduc/Magaly/vendor/laravel/framework/src/Illuminate/Routing/Pipeline.php(53): Illuminate\\Pipeline\\Pipeline->Illuminate\\Pipeline\\{closure}(Object(Illuminate\\Http\\Request))
#44 /home/jsouza/Dropbox/Projetos/Seduc/Magaly/vendor/laravel/framework/src/Illuminate/Pipeline/Pipeline.php(104): Illuminate\\Routing\\Pipeline->Illuminate\\Routing\\{closure}(Object(Illuminate\\Http\\Request))
#45 /home/jsouza/Dropbox/Projetos/Seduc/Magaly/vendor/laravel/framework/src/Illuminate/Routing/Router.php(682): Illuminate\\Pipeline\\Pipeline->then(Object(Closure))
#46 /home/jsouza/Dropbox/Projetos/Seduc/Magaly/vendor/laravel/framework/src/Illuminate/Routing/Router.php(657): Illuminate\\Routing\\Router->runRouteWithinStack(Object(Illuminate\\Routing\\Route), Object(Illuminate\\Http\\Request))
#47 /home/jsouza/Dropbox/Projetos/Seduc/Magaly/vendor/laravel/framework/src/Illuminate/Routing/Router.php(623): Illuminate\\Routing\\Router->runRoute(Object(Illuminate\\Http\\Request), Object(Illuminate\\Routing\\Route))
#48 /home/jsouza/Dropbox/Projetos/Seduc/Magaly/vendor/laravel/framework/src/Illuminate/Routing/Router.php(612): Illuminate\\Routing\\Router->dispatchToRoute(Object(Illuminate\\Http\\Request))
#49 /home/jsouza/Dropbox/Projetos/Seduc/Magaly/vendor/laravel/framework/src/Illuminate/Foundation/Http/Kernel.php(176): Illuminate\\Routing\\Router->dispatch(Object(Illuminate\\Http\\Request))
#50 /home/jsouza/Dropbox/Projetos/Seduc/Magaly/vendor/laravel/framework/src/Illuminate/Routing/Pipeline.php(30): Illuminate\\Foundation\\Http\\Kernel->Illuminate\\Foundation\\Http\\{closure}(Object(Illuminate\\Http\\Request))
#51 /home/jsouza/Dropbox/Projetos/Seduc/Magaly/vendor/fideloper/proxy/src/TrustProxies.php(57): Illuminate\\Routing\\Pipeline->Illuminate\\Routing\\{closure}(Object(Illuminate\\Http\\Request))
#52 /home/jsouza/Dropbox/Projetos/Seduc/Magaly/vendor/laravel/framework/src/Illuminate/Pipeline/Pipeline.php(163): Fideloper\\Proxy\\TrustProxies->handle(Object(Illuminate\\Http\\Request), Object(Closure))
#53 /home/jsouza/Dropbox/Projetos/Seduc/Magaly/vendor/laravel/framework/src/Illuminate/Routing/Pipeline.php(53): Illuminate\\Pipeline\\Pipeline->Illuminate\\Pipeline\\{closure}(Object(Illuminate\\Http\\Request))
#54 /home/jsouza/Dropbox/Projetos/Seduc/Magaly/vendor/laravel/framework/src/Illuminate/Foundation/Http/Middleware/TransformsRequest.php(21): Illuminate\\Routing\\Pipeline->Illuminate\\Routing\\{closure}(Object(Illuminate\\Http\\Request))
#55 /home/jsouza/Dropbox/Projetos/Seduc/Magaly/vendor/laravel/framework/src/Illuminate/Pipeline/Pipeline.php(163): Illuminate\\Foundation\\Http\\Middleware\\TransformsRequest->handle(Object(Illuminate\\Http\\Request), Object(Closure))
#56 /home/jsouza/Dropbox/Projetos/Seduc/Magaly/vendor/laravel/framework/src/Illuminate/Routing/Pipeline.php(53): Illuminate\\Pipeline\\Pipeline->Illuminate\\Pipeline\\{closure}(Object(Illuminate\\Http\\Request))
#57 /home/jsouza/Dropbox/Projetos/Seduc/Magaly/vendor/laravel/framework/src/Illuminate/Foundation/Http/Middleware/TransformsRequest.php(21): Illuminate\\Routing\\Pipeline->Illuminate\\Routing\\{closure}(Object(Illuminate\\Http\\Request))
#58 /home/jsouza/Dropbox/Projetos/Seduc/Magaly/vendor/laravel/framework/src/Illuminate/Pipeline/Pipeline.php(163): Illuminate\\Foundation\\Http\\Middleware\\TransformsRequest->handle(Object(Illuminate\\Http\\Request), Object(Closure))
#59 /home/jsouza/Dropbox/Projetos/Seduc/Magaly/vendor/laravel/framework/src/Illuminate/Routing/Pipeline.php(53): Illuminate\\Pipeline\\Pipeline->Illuminate\\Pipeline\\{closure}(Object(Illuminate\\Http\\Request))
#60 /home/jsouza/Dropbox/Projetos/Seduc/Magaly/vendor/laravel/framework/src/Illuminate/Foundation/Http/Middleware/ValidatePostSize.php(27): Illuminate\\Routing\\Pipeline->Illuminate\\Routing\\{closure}(Object(Illuminate\\Http\\Request))
#61 /home/jsouza/Dropbox/Projetos/Seduc/Magaly/vendor/laravel/framework/src/Illuminate/Pipeline/Pipeline.php(163): Illuminate\\Foundation\\Http\\Middleware\\ValidatePostSize->handle(Object(Illuminate\\Http\\Request), Object(Closure))
#62 /home/jsouza/Dropbox/Projetos/Seduc/Magaly/vendor/laravel/framework/src/Illuminate/Routing/Pipeline.php(53): Illuminate\\Pipeline\\Pipeline->Illuminate\\Pipeline\\{closure}(Object(Illuminate\\Http\\Request))
#63 /home/jsouza/Dropbox/Projetos/Seduc/Magaly/vendor/laravel/framework/src/Illuminate/Foundation/Http/Middleware/CheckForMaintenanceMode.php(62): Illuminate\\Routing\\Pipeline->Illuminate\\Routing\\{closure}(Object(Illuminate\\Http\\Request))
#64 /home/jsouza/Dropbox/Projetos/Seduc/Magaly/vendor/laravel/framework/src/Illuminate/Pipeline/Pipeline.php(163): Illuminate\\Foundation\\Http\\Middleware\\CheckForMaintenanceMode->handle(Object(Illuminate\\Http\\Request), Object(Closure))
#65 /home/jsouza/Dropbox/Projetos/Seduc/Magaly/vendor/laravel/framework/src/Illuminate/Routing/Pipeline.php(53): Illuminate\\Pipeline\\Pipeline->Illuminate\\Pipeline\\{closure}(Object(Illuminate\\Http\\Request))
#66 /home/jsouza/Dropbox/Projetos/Seduc/Magaly/vendor/laravel/framework/src/Illuminate/Pipeline/Pipeline.php(104): Illuminate\\Routing\\Pipeline->Illuminate\\Routing\\{closure}(Object(Illuminate\\Http\\Request))
#67 /home/jsouza/Dropbox/Projetos/Seduc/Magaly/vendor/laravel/framework/src/Illuminate/Foundation/Http/Kernel.php(151): Illuminate\\Pipeline\\Pipeline->then(Object(Closure))
#68 /home/jsouza/Dropbox/Projetos/Seduc/Magaly/vendor/laravel/framework/src/Illuminate/Foundation/Http/Kernel.php(116): Illuminate\\Foundation\\Http\\Kernel->sendRequestThroughRouter(Object(Illuminate\\Http\\Request))
#69 /home/jsouza/Dropbox/Projetos/Seduc/Magaly/public/index.php(55): Illuminate\\Foundation\\Http\\Kernel->handle(Object(Illuminate\\Http\\Request))
#70 /home/jsouza/Dropbox/Projetos/Seduc/Magaly/server.php(21): require_once('/home/jsouza/Dr...')
#71 {main}
"} 
