[2019-08-16 14:21:00] local.ERROR: SQLSTATE[23502]: Not null violation: 7 ERROR:  null value in column "telefone" violates not-null constraint
DETAIL:  Failing row contains (1, Escola 01, Creche Infantil Integral, nenhuma, todo, 10, Fora, Fifi, null, null, 2019-08-16 14:21:00, 2019-08-16 14:21:00, 1). (SQL: insert into "escolas" ("nome", "modalidade_ensino", "rota", "periodo_atendimento", "qtde_alunos", "endereco", "gestor", "telefone", "estoque_id", "updated_at", "created_at") values (Escola 01, Creche Infantil Integral, nenhuma, todo, 10, Fora, Fifi, ?, 1, 2019-08-16 14:21:00, 2019-08-16 14:21:00) returning "id") {"userId":1,"exception":"[object] (Illuminate\\Database\\QueryException(code: 23502): SQLSTATE[23502]: Not null violation: 7 ERROR:  null value in column \"telefone\" violates not-null constraint
DETAIL:  Failing row contains (1, Escola 01, Creche Infantil Integral, nenhuma, todo, 10, Fora, Fifi, null, null, 2019-08-16 14:21:00, 2019-08-16 14:21:00, 1). (SQL: insert into \"escolas\" (\"nome\", \"modalidade_ensino\", \"rota\", \"periodo_atendimento\", \"qtde_alunos\", \"endereco\", \"gestor\", \"telefone\", \"estoque_id\", \"updated_at\", \"created_at\") values (Escola 01, Creche Infantil Integral, nenhuma, todo, 10, Fora, Fifi, ?, 1, 2019-08-16 14:21:00, 2019-08-16 14:21:00) returning \"id\") at /home/jsouza/Dropbox/Projetos/Seduc/Magaly/vendor/laravel/framework/src/Illuminate/Database/Connection.php:664, PDOException(code: 23502): SQLSTATE[23502]: Not null violation: 7 ERROR:  null value in column \"telefone\" violates not-null constraint
DETAIL:  Failing row contains (1, Escola 01, Creche Infantil Integral, nenhuma, todo, 10, Fora, Fifi, null, null, 2019-08-16 14:21:00, 2019-08-16 14:21:00, 1). at /home/jsouza/Dropbox/Projetos/Seduc/Magaly/vendor/laravel/framework/src/Illuminate/Database/Connection.php:330)
[stacktrace]
#0 /home/jsouza/Dropbox/Projetos/Seduc/Magaly/vendor/laravel/framework/src/Illuminate/Database/Connection.php(624): Illuminate\\Database\\Connection->runQueryCallback('insert into \"es...', Array, Object(Closure))
#1 /home/jsouza/Dropbox/Projetos/Seduc/Magaly/vendor/laravel/framework/src/Illuminate/Database/Connection.php(333): Illuminate\\Database\\Connection->run('insert into \"es...', Array, Object(Closure))
#2 /home/jsouza/Dropbox/Projetos/Seduc/Magaly/vendor/laravel/framework/src/Illuminate/Database/Connection.php(304): Illuminate\\Database\\Connection->select('insert into \"es...', Array, false)
#3 /home/jsouza/Dropbox/Projetos/Seduc/Magaly/vendor/laravel/framework/src/Illuminate/Database/Query/Processors/PostgresProcessor.php(20): Illuminate\\Database\\Connection->selectFromWriteConnection('insert into \"es...', Array)
#4 /home/jsouza/Dropbox/Projetos/Seduc/Magaly/vendor/laravel/framework/src/Illuminate/Database/Query/Builder.php(2663): Illuminate\\Database\\Query\\Processors\\PostgresProcessor->processInsertGetId(Object(Illuminate\\Database\\Query\\Builder), 'insert into \"es...', Array, 'id')
#5 /home/jsouza/Dropbox/Projetos/Seduc/Magaly/vendor/laravel/framework/src/Illuminate/Database/Eloquent/Builder.php(1353): Illuminate\\Database\\Query\\Builder->insertGetId(Array, 'id')
#6 /home/jsouza/Dropbox/Projetos/Seduc/Magaly/vendor/laravel/framework/src/Illuminate/Database/Eloquent/Model.php(839): Illuminate\\Database\\Eloquent\\Builder->__call('insertGetId', Array)
#7 /home/jsouza/Dropbox/Projetos/Seduc/Magaly/vendor/laravel/framework/src/Illuminate/Database/Eloquent/Model.php(804): Illuminate\\Database\\Eloquent\\Model->insertAndSetId(Object(Illuminate\\Database\\Eloquent\\Builder), Array)
#8 /home/jsouza/Dropbox/Projetos/Seduc/Magaly/vendor/laravel/framework/src/Illuminate/Database/Eloquent/Model.php(667): Illuminate\\Database\\Eloquent\\Model->performInsert(Object(Illuminate\\Database\\Eloquent\\Builder))
#9 /home/jsouza/Dropbox/Projetos/Seduc/Magaly/app/Http/Controllers/EscolaController.php(53): Illuminate\\Database\\Eloquent\\Model->save()
#10 [internal function]: App\\Http\\Controllers\\EscolaController->cadastrar(Object(Illuminate\\Http\\Request))
#11 /home/jsouza/Dropbox/Projetos/Seduc/Magaly/vendor/laravel/framework/src/Illuminate/Routing/Controller.php(54): call_user_func_array(Array, Array)
#12 /home/jsouza/Dropbox/Projetos/Seduc/Magaly/vendor/laravel/framework/src/Illuminate/Routing/ControllerDispatcher.php(45): Illuminate\\Routing\\Controller->callAction('cadastrar', Array)
#13 /home/jsouza/Dropbox/Projetos/Seduc/Magaly/vendor/laravel/framework/src/Illuminate/Routing/Route.php(219): Illuminate\\Routing\\ControllerDispatcher->dispatch(Object(Illuminate\\Routing\\Route), Object(App\\Http\\Controllers\\EscolaController), 'cadastrar')
#14 /home/jsouza/Dropbox/Projetos/Seduc/Magaly/vendor/laravel/framework/src/Illuminate/Routing/Route.php(176): Illuminate\\Routing\\Route->runController()
#15 /home/jsouza/Dropbox/Projetos/Seduc/Magaly/vendor/laravel/framework/src/Illuminate/Routing/Router.php(680): Illuminate\\Routing\\Route->run()
#16 /home/jsouza/Dropbox/Projetos/Seduc/Magaly/vendor/laravel/framework/src/Illuminate/Routing/Pipeline.php(30): Illuminate\\Routing\\Router->Illuminate\\Routing\\{closure}(Object(Illuminate\\Http\\Request))
#17 /home/jsouza/Dropbox/Projetos/Seduc/Magaly/vendor/laravel/framework/src/Illuminate/Routing/Middleware/SubstituteBindings.php(41): Illuminate\\Routing\\Pipeline->Illuminate\\Routing\\{closure}(Object(Illuminate\\Http\\Request))
#18 /home/jsouza/Dropbox/Projetos/Seduc/Magaly/vendor/laravel/framework/src/Illuminate/Pipeline/Pipeline.php(163): Illuminate\\Routing\\Middleware\\SubstituteBindings->handle(Object(Illuminate\\Http\\Request), Object(Closure))
#19 /home/jsouza/Dropbox/Projetos/Seduc/Magaly/vendor/laravel/framework/src/Illuminate/Routing/Pipeline.php(53): Illuminate\\Pipeline\\Pipeline->Illuminate\\Pipeline\\{closure}(Object(Illuminate\\Http\\Request))
#20 /home/jsouza/Dropbox/Projetos/Seduc/Magaly/vendor/laravel/framework/src/Illuminate/Auth/Middleware/Authenticate.php(43): Illuminate\\Routing\\Pipeline->Illuminate\\Routing\\{closure}(Object(Illuminate\\Http\\Request))
#21 /home/jsouza/Dropbox/Projetos/Seduc/Magaly/vendor/laravel/framework/src/Illuminate/Pipeline/Pipeline.php(163): Illuminate\\Auth\\Middleware\\Authenticate->handle(Object(Illuminate\\Http\\Request), Object(Closure))
#22 /home/jsouza/Dropbox/Projetos/Seduc/Magaly/vendor/laravel/framework/src/Illuminate/Routing/Pipeline.php(53): Illuminate\\Pipeline\\Pipeline->Illuminate\\Pipeline\\{closure}(Object(Illuminate\\Http\\Request))
#23 /home/jsouza/Dropbox/Projetos/Seduc/Magaly/vendor/laravel/framework/src/Illuminate/Foundation/Http/Middleware/VerifyCsrfToken.php(75): Illuminate\\Routing\\Pipeline->Illuminate\\Routing\\{closure}(Object(Illuminate\\Http\\Request))
#24 /home/jsouza/Dropbox/Projetos/Seduc/Magaly/vendor/laravel/framework/src/Illuminate/Pipeline/Pipeline.php(163): Illuminate\\Foundation\\Http\\Middleware\\VerifyCsrfToken->handle(Object(Illuminate\\Http\\Request), Object(Closure))
#25 /home/jsouza/Dropbox/Projetos/Seduc/Magaly/vendor/laravel/framework/src/Illuminate/Routing/Pipeline.php(53): Illuminate\\Pipeline\\Pipeline->Illuminate\\Pipeline\\{closure}(Object(Illuminate\\Http\\Request))
#26 /home/jsouza/Dropbox/Projetos/Seduc/Magaly/vendor/laravel/framework/src/Illuminate/View/Middleware/ShareErrorsFromSession.php(49): Illuminate\\Routing\\Pipeline->Illuminate\\Routing\\{closure}(Object(Illuminate\\Http\\Request))
#27 /home/jsouza/Dropbox/Projetos/Seduc/Magaly/vendor/laravel/framework/src/Illuminate/Pipeline/Pipeline.php(163): Illuminate\\View\\Middleware\\ShareErrorsFromSession->handle(Object(Illuminate\\Http\\Request), Object(Closure))
#28 /home/jsouza/Dropbox/Projetos/Seduc/Magaly/vendor/laravel/framework/src/Illuminate/Routing/Pipeline.php(53): Illuminate\\Pipeline\\Pipeline->Illuminate\\Pipeline\\{closure}(Object(Illuminate\\Http\\Request))
#29 /home/jsouza/Dropbox/Projetos/Seduc/Magaly/vendor/laravel/framework/src/Illuminate/Session/Middleware/StartSession.php(56): Illuminate\\Routing\\Pipeline->Illuminate\\Routing\\{closure}(Object(Illuminate\\Http\\Request))
#30 /home/jsouza/Dropbox/Projetos/Seduc/Magaly/vendor/laravel/framework/src/Illuminate/Pipeline/Pipeline.php(163): Illuminate\\Session\\Middleware\\StartSession->handle(Object(Illuminate\\Http\\Request), Object(Closure))
#31 /home/jsouza/Dropbox/Projetos/Seduc/Magaly/vendor/laravel/framework/src/Illuminate/Routing/Pipeline.php(53): Illuminate\\Pipeline\\Pipeline->Illuminate\\Pipeline\\{closure}(Object(Illuminate\\Http\\Request))
#32 /home/jsouza/Dropbox/Projetos/Seduc/Magaly/vendor/laravel/framework/src/Illuminate/Cookie/Middleware/AddQueuedCookiesToResponse.php(37): Illuminate\\Routing\\Pipeline->Illuminate\\Routing\\{closure}(Object(Illuminate\\Http\\Request))
#33 /home/jsouza/Dropbox/Projetos/Seduc/Magaly/vendor/laravel/framework/src/Illuminate/Pipeline/Pipeline.php(163): Illuminate\\Cookie\\Middleware\\AddQueuedCookiesToResponse->handle(Object(Illuminate\\Http\\Request), Object(Closure))
#34 /home/jsouza/Dropbox/Projetos/Seduc/Magaly/vendor/laravel/framework/src/Illuminate/Routing/Pipeline.php(53): Illuminate\\Pipeline\\Pipeline->Illuminate\\Pipeline\\{closure}(Object(Illuminate\\Http\\Request))
#35 /home/jsouza/Dropbox/Projetos/Seduc/Magaly/vendor/laravel/framework/src/Illuminate/Cookie/Middleware/EncryptCookies.php(66): Illuminate\\Routing\\Pipeline->Illuminate\\Routing\\{closure}(Object(Illuminate\\Http\\Request))
#36 /home/jsouza/Dropbox/Projetos/Seduc/Magaly/vendor/laravel/framework/src/Illuminate/Pipeline/Pipeline.php(163): Illuminate\\Cookie\\Middleware\\EncryptCookies->handle(Object(Illuminate\\Http\\Request), Object(Closure))
#37 /home/jsouza/Dropbox/Projetos/Seduc/Magaly/vendor/laravel/framework/src/Illuminate/Routing/Pipeline.php(53): Illuminate\\Pipeline\\Pipeline->Illuminate\\Pipeline\\{closure}(Object(Illuminate\\Http\\Request))
#38 /home/jsouza/Dropbox/Projetos/Seduc/Magaly/vendor/laravel/framework/src/Illuminate/Pipeline/Pipeline.php(104): Illuminate\\Routing\\Pipeline->Illuminate\\Routing\\{closure}(Object(Illuminate\\Http\\Request))
#39 /home/jsouza/Dropbox/Projetos/Seduc/Magaly/vendor/laravel/framework/src/Illuminate/Routing/Router.php(682): Illuminate\\Pipeline\\Pipeline->then(Object(Closure))
#40 /home/jsouza/Dropbox/Projetos/Seduc/Magaly/vendor/laravel/framework/src/Illuminate/Routing/Router.php(657): Illuminate\\Routing\\Router->runRouteWithinStack(Object(Illuminate\\Routing\\Route), Object(Illuminate\\Http\\Request))
#41 /home/jsouza/Dropbox/Projetos/Seduc/Magaly/vendor/laravel/framework/src/Illuminate/Routing/Router.php(623): Illuminate\\Routing\\Router->runRoute(Object(Illuminate\\Http\\Request), Object(Illuminate\\Routing\\Route))
#42 /home/jsouza/Dropbox/Projetos/Seduc/Magaly/vendor/laravel/framework/src/Illuminate/Routing/Router.php(612): Illuminate\\Routing\\Router->dispatchToRoute(Object(Illuminate\\Http\\Request))
#43 /home/jsouza/Dropbox/Projetos/Seduc/Magaly/vendor/laravel/framework/src/Illuminate/Foundation/Http/Kernel.php(176): Illuminate\\Routing\\Router->dispatch(Object(Illuminate\\Http\\Request))
#44 /home/jsouza/Dropbox/Projetos/Seduc/Magaly/vendor/laravel/framework/src/Illuminate/Routing/Pipeline.php(30): Illuminate\\Foundation\\Http\\Kernel->Illuminate\\Foundation\\Http\\{closure}(Object(Illuminate\\Http\\Request))
#45 /home/jsouza/Dropbox/Projetos/Seduc/Magaly/vendor/fideloper/proxy/src/TrustProxies.php(57): Illuminate\\Routing\\Pipeline->Illuminate\\Routing\\{closure}(Object(Illuminate\\Http\\Request))
#46 /home/jsouza/Dropbox/Projetos/Seduc/Magaly/vendor/laravel/framework/src/Illuminate/Pipeline/Pipeline.php(163): Fideloper\\Proxy\\TrustProxies->handle(Object(Illuminate\\Http\\Request), Object(Closure))
#47 /home/jsouza/Dropbox/Projetos/Seduc/Magaly/vendor/laravel/framework/src/Illuminate/Routing/Pipeline.php(53): Illuminate\\Pipeline\\Pipeline->Illuminate\\Pipeline\\{closure}(Object(Illuminate\\Http\\Request))
#48 /home/jsouza/Dropbox/Projetos/Seduc/Magaly/vendor/laravel/framework/src/Illuminate/Foundation/Http/Middleware/TransformsRequest.php(21): Illuminate\\Routing\\Pipeline->Illuminate\\Routing\\{closure}(Object(Illuminate\\Http\\Request))
#49 /home/jsouza/Dropbox/Projetos/Seduc/Magaly/vendor/laravel/framework/src/Illuminate/Pipeline/Pipeline.php(163): Illuminate\\Foundation\\Http\\Middleware\\TransformsRequest->handle(Object(Illuminate\\Http\\Request), Object(Closure))
#50 /home/jsouza/Dropbox/Projetos/Seduc/Magaly/vendor/laravel/framework/src/Illuminate/Routing/Pipeline.php(53): Illuminate\\Pipeline\\Pipeline->Illuminate\\Pipeline\\{closure}(Object(Illuminate\\Http\\Request))
#51 /home/jsouza/Dropbox/Projetos/Seduc/Magaly/vendor/laravel/framework/src/Illuminate/Foundation/Http/Middleware/TransformsRequest.php(21): Illuminate\\Routing\\Pipeline->Illuminate\\Routing\\{closure}(Object(Illuminate\\Http\\Request))
#52 /home/jsouza/Dropbox/Projetos/Seduc/Magaly/vendor/laravel/framework/src/Illuminate/Pipeline/Pipeline.php(163): Illuminate\\Foundation\\Http\\Middleware\\TransformsRequest->handle(Object(Illuminate\\Http\\Request), Object(Closure))
#53 /home/jsouza/Dropbox/Projetos/Seduc/Magaly/vendor/laravel/framework/src/Illuminate/Routing/Pipeline.php(53): Illuminate\\Pipeline\\Pipeline->Illuminate\\Pipeline\\{closure}(Object(Illuminate\\Http\\Request))
#54 /home/jsouza/Dropbox/Projetos/Seduc/Magaly/vendor/laravel/framework/src/Illuminate/Foundation/Http/Middleware/ValidatePostSize.php(27): Illuminate\\Routing\\Pipeline->Illuminate\\Routing\\{closure}(Object(Illuminate\\Http\\Request))
#55 /home/jsouza/Dropbox/Projetos/Seduc/Magaly/vendor/laravel/framework/src/Illuminate/Pipeline/Pipeline.php(163): Illuminate\\Foundation\\Http\\Middleware\\ValidatePostSize->handle(Object(Illuminate\\Http\\Request), Object(Closure))
#56 /home/jsouza/Dropbox/Projetos/Seduc/Magaly/vendor/laravel/framework/src/Illuminate/Routing/Pipeline.php(53): Illuminate\\Pipeline\\Pipeline->Illuminate\\Pipeline\\{closure}(Object(Illuminate\\Http\\Request))
#57 /home/jsouza/Dropbox/Projetos/Seduc/Magaly/vendor/laravel/framework/src/Illuminate/Foundation/Http/Middleware/CheckForMaintenanceMode.php(62): Illuminate\\Routing\\Pipeline->Illuminate\\Routing\\{closure}(Object(Illuminate\\Http\\Request))
#58 /home/jsouza/Dropbox/Projetos/Seduc/Magaly/vendor/laravel/framework/src/Illuminate/Pipeline/Pipeline.php(163): Illuminate\\Foundation\\Http\\Middleware\\CheckForMaintenanceMode->handle(Object(Illuminate\\Http\\Request), Object(Closure))
#59 /home/jsouza/Dropbox/Projetos/Seduc/Magaly/vendor/laravel/framework/src/Illuminate/Routing/Pipeline.php(53): Illuminate\\Pipeline\\Pipeline->Illuminate\\Pipeline\\{closure}(Object(Illuminate\\Http\\Request))
#60 /home/jsouza/Dropbox/Projetos/Seduc/Magaly/vendor/laravel/framework/src/Illuminate/Pipeline/Pipeline.php(104): Illuminate\\Routing\\Pipeline->Illuminate\\Routing\\{closure}(Object(Illuminate\\Http\\Request))
#61 /home/jsouza/Dropbox/Projetos/Seduc/Magaly/vendor/laravel/framework/src/Illuminate/Foundation/Http/Kernel.php(151): Illuminate\\Pipeline\\Pipeline->then(Object(Closure))
#62 /home/jsouza/Dropbox/Projetos/Seduc/Magaly/vendor/laravel/framework/src/Illuminate/Foundation/Http/Kernel.php(116): Illuminate\\Foundation\\Http\\Kernel->sendRequestThroughRouter(Object(Illuminate\\Http\\Request))
#63 /home/jsouza/Dropbox/Projetos/Seduc/Magaly/public/index.php(55): Illuminate\\Foundation\\Http\\Kernel->handle(Object(Illuminate\\Http\\Request))
#64 /home/jsouza/Dropbox/Projetos/Seduc/Magaly/server.php(21): require_once('/home/jsouza/Dr...')
#65 {main}
"} 
