[2019-07-17 11:15:24] local.ERROR: SQLSTATE[08006] [7] FATAL:  role "jsouza" does not exist (SQL: select * from information_schema.tables where table_schema = public and table_name = migrations and table_type = 'BASE TABLE') {"exception":"[object] (Illuminate\\Database\\QueryException(code: 7): SQLSTATE[08006] [7] FATAL:  role \"jsouza\" does not exist (SQL: select * from information_schema.tables where table_schema = public and table_name = migrations and table_type = 'BASE TABLE') at /home/jsouza/Dropbox/Projetos/Seduc/Magaly/vendor/laravel/framework/src/Illuminate/Database/Connection.php:664, PDOException(code: 7): SQLSTATE[08006] [7] FATAL:  role \"jsouza\" does not exist at /home/jsouza/Dropbox/Projetos/Seduc/Magaly/vendor/laravel/framework/src/Illuminate/Database/Connectors/Connector.php:70)
[stacktrace]
#0 /home/jsouza/Dropbox/Projetos/Seduc/Magaly/vendor/laravel/framework/src/Illuminate/Database/Connection.php(624): Illuminate\\Database\\Connection->runQueryCallback('select * from i...', Array, Object(Closure))
#1 /home/jsouza/Dropbox/Projetos/Seduc/Magaly/vendor/laravel/framework/src/Illuminate/Database/Connection.php(333): Illuminate\\Database\\Connection->run('select * from i...', Array, Object(Closure))
#2 /home/jsouza/Dropbox/Projetos/Seduc/Magaly/vendor/laravel/framework/src/Illuminate/Database/Schema/PostgresBuilder.php(20): Illuminate\\Database\\Connection->select('select * from i...', Array)
#3 /home/jsouza/Dropbox/Projetos/Seduc/Magaly/vendor/laravel/framework/src/Illuminate/Database/Migrations/DatabaseMigrationRepository.php(169): Illuminate\\Database\\Schema\\PostgresBuilder->hasTable('migrations')
#4 /home/jsouza/Dropbox/Projetos/Seduc/Magaly/vendor/laravel/framework/src/Illuminate/Database/Migrations/Migrator.php(585): Illuminate\\Database\\Migrations\\DatabaseMigrationRepository->repositoryExists()
#5 /home/jsouza/Dropbox/Projetos/Seduc/Magaly/vendor/laravel/framework/src/Illuminate/Database/Console/Migrations/ResetCommand.php(63): Illuminate\\Database\\Migrations\\Migrator->repositoryExists()
#6 [internal function]: Illuminate\\Database\\Console\\Migrations\\ResetCommand->handle()
#7 /home/jsouza/Dropbox/Projetos/Seduc/Magaly/vendor/laravel/framework/src/Illuminate/Container/BoundMethod.php(32): call_user_func_array(Array, Array)
#8 /home/jsouza/Dropbox/Projetos/Seduc/Magaly/vendor/laravel/framework/src/Illuminate/Container/BoundMethod.php(90): Illuminate\\Container\\BoundMethod::Illuminate\\Container\\{closure}()
#9 /home/jsouza/Dropbox/Projetos/Seduc/Magaly/vendor/laravel/framework/src/Illuminate/Container/BoundMethod.php(34): Illuminate\\Container\\BoundMethod::callBoundMethod(Object(Illuminate\\Foundation\\Application), Array, Object(Closure))
#10 /home/jsouza/Dropbox/Projetos/Seduc/Magaly/vendor/laravel/framework/src/Illuminate/Container/Container.php(576): Illuminate\\Container\\BoundMethod::call(Object(Illuminate\\Foundation\\Application), Array, Array, NULL)
#11 /home/jsouza/Dropbox/Projetos/Seduc/Magaly/vendor/laravel/framework/src/Illuminate/Console/Command.php(183): Illuminate\\Container\\Container->call(Array)
#12 /home/jsouza/Dropbox/Projetos/Seduc/Magaly/vendor/symfony/console/Command/Command.php(255): Illuminate\\Console\\Command->execute(Object(Symfony\\Component\\Console\\Input\\ArrayInput), Object(Illuminate\\Console\\OutputStyle))
#13 /home/jsouza/Dropbox/Projetos/Seduc/Magaly/vendor/laravel/framework/src/Illuminate/Console/Command.php(170): Symfony\\Component\\Console\\Command\\Command->run(Object(Symfony\\Component\\Console\\Input\\ArrayInput), Object(Illuminate\\Console\\OutputStyle))
#14 /home/jsouza/Dropbox/Projetos/Seduc/Magaly/vendor/laravel/framework/src/Illuminate/Console/Command.php(198): Illuminate\\Console\\Command->run(Object(Symfony\\Component\\Console\\Input\\ArrayInput), Object(Illuminate\\Console\\OutputStyle))
#15 /home/jsouza/Dropbox/Projetos/Seduc/Magaly/vendor/laravel/framework/src/Illuminate/Database/Console/Migrations/RefreshCommand.php(100): Illuminate\\Console\\Command->call('migrate:reset', Array)
#16 /home/jsouza/Dropbox/Projetos/Seduc/Magaly/vendor/laravel/framework/src/Illuminate/Database/Console/Migrations/RefreshCommand.php(53): Illuminate\\Database\\Console\\Migrations\\RefreshCommand->runReset(NULL, NULL)
#17 [internal function]: Illuminate\\Database\\Console\\Migrations\\RefreshCommand->handle()
#18 /home/jsouza/Dropbox/Projetos/Seduc/Magaly/vendor/laravel/framework/src/Illuminate/Container/BoundMethod.php(32): call_user_func_array(Array, Array)
#19 /home/jsouza/Dropbox/Projetos/Seduc/Magaly/vendor/laravel/framework/src/Illuminate/Container/BoundMethod.php(90): Illuminate\\Container\\BoundMethod::Illuminate\\Container\\{closure}()
#20 /home/jsouza/Dropbox/Projetos/Seduc/Magaly/vendor/laravel/framework/src/Illuminate/Container/BoundMethod.php(34): Illuminate\\Container\\BoundMethod::callBoundMethod(Object(Illuminate\\Foundation\\Application), Array, Object(Closure))
#21 /home/jsouza/Dropbox/Projetos/Seduc/Magaly/vendor/laravel/framework/src/Illuminate/Container/Container.php(576): Illuminate\\Container\\BoundMethod::call(Object(Illuminate\\Foundation\\Application), Array, Array, NULL)
#22 /home/jsouza/Dropbox/Projetos/Seduc/Magaly/vendor/laravel/framework/src/Illuminate/Console/Command.php(183): Illuminate\\Container\\Container->call(Array)
#23 /home/jsouza/Dropbox/Projetos/Seduc/Magaly/vendor/symfony/console/Command/Command.php(255): Illuminate\\Console\\Command->execute(Object(Symfony\\Component\\Console\\Input\\ArgvInput), Object(Illuminate\\Console\\OutputStyle))
#24 /home/jsouza/Dropbox/Projetos/Seduc/Magaly/vendor/laravel/framework/src/Illuminate/Console/Command.php(170): Symfony\\Component\\Console\\Command\\Command->run(Object(Symfony\\Component\\Console\\Input\\ArgvInput), Object(Illuminate\\Console\\OutputStyle))
#25 /home/jsouza/Dropbox/Projetos/Seduc/Magaly/vendor/symfony/console/Application.php(921): Illuminate\\Console\\Command->run(Object(Symfony\\Component\\Console\\Input\\ArgvInput), Object(Symfony\\Component\\Console\\Output\\ConsoleOutput))
#26 /home/jsouza/Dropbox/Projetos/Seduc/Magaly/vendor/symfony/console/Application.php(273): Symfony\\Component\\Console\\Application->doRunCommand(Object(Illuminate\\Database\\Console\\Migrations\\RefreshCommand), Object(Symfony\\Component\\Console\\Input\\ArgvInput), Object(Symfony\\Component\\Console\\Output\\ConsoleOutput))
#27 /home/jsouza/Dropbox/Projetos/Seduc/Magaly/vendor/symfony/console/Application.php(149): Symfony\\Component\\Console\\Application->doRun(Object(Symfony\\Component\\Console\\Input\\ArgvInput), Object(Symfony\\Component\\Console\\Output\\ConsoleOutput))
#28 /home/jsouza/Dropbox/Projetos/Seduc/Magaly/vendor/laravel/framework/src/Illuminate/Console/Application.php(90): Symfony\\Component\\Console\\Application->run(Object(Symfony\\Component\\Console\\Input\\ArgvInput), Object(Symfony\\Component\\Console\\Output\\ConsoleOutput))
#29 /home/jsouza/Dropbox/Projetos/Seduc/Magaly/vendor/laravel/framework/src/Illuminate/Foundation/Console/Kernel.php(133): Illuminate\\Console\\Application->run(Object(Symfony\\Component\\Console\\Input\\ArgvInput), Object(Symfony\\Component\\Console\\Output\\ConsoleOutput))
#30 /home/jsouza/Dropbox/Projetos/Seduc/Magaly/artisan(37): Illuminate\\Foundation\\Console\\Kernel->handle(Object(Symfony\\Component\\Console\\Input\\ArgvInput), Object(Symfony\\Component\\Console\\Output\\ConsoleOutput))
#31 {main}
"} 
